ARM GAS  C:\Users\User\AppData\Local\Temp\ccSdoa8r.s 			page 1


   1              		.cpu cortex-m3
   2              		.eabi_attribute 20, 1
   3              		.eabi_attribute 21, 1
   4              		.eabi_attribute 23, 3
   5              		.eabi_attribute 24, 1
   6              		.eabi_attribute 25, 1
   7              		.eabi_attribute 26, 1
   8              		.eabi_attribute 30, 1
   9              		.eabi_attribute 34, 1
  10              		.eabi_attribute 18, 4
  11              		.file	"can.c"
  12              		.text
  13              	.Ltext0:
  14              		.cfi_sections	.debug_frame
  15              		.section	.text.MX_CAN1_Init,"ax",%progbits
  16              		.align	1
  17              		.global	MX_CAN1_Init
  18              		.arch armv7-m
  19              		.syntax unified
  20              		.thumb
  21              		.thumb_func
  22              		.fpu softvfp
  24              	MX_CAN1_Init:
  25              	.LFB72:
  26              		.file 1 "Src/can.c"
   1:Src/can.c     **** /**
   2:Src/can.c     ****   ******************************************************************************
   3:Src/can.c     ****   * File Name          : CAN.c
   4:Src/can.c     ****   * Description        : This file provides code for the configuration
   5:Src/can.c     ****   *                      of the CAN instances.
   6:Src/can.c     ****   ******************************************************************************
   7:Src/can.c     ****   * @attention
   8:Src/can.c     ****   *
   9:Src/can.c     ****   * <h2><center>&copy; Copyright (c) 2019 STMicroelectronics.
  10:Src/can.c     ****   * All rights reserved.</center></h2>
  11:Src/can.c     ****   *
  12:Src/can.c     ****   * This software component is licensed by ST under Ultimate Liberty license
  13:Src/can.c     ****   * SLA0044, the "License"; You may not use this file except in compliance with
  14:Src/can.c     ****   * the License. You may obtain a copy of the License at:
  15:Src/can.c     ****   *                             www.st.com/SLA0044
  16:Src/can.c     ****   *
  17:Src/can.c     ****   ******************************************************************************
  18:Src/can.c     ****   */
  19:Src/can.c     **** 
  20:Src/can.c     **** /* Includes ------------------------------------------------------------------*/
  21:Src/can.c     **** #include "can.h"
  22:Src/can.c     **** 
  23:Src/can.c     **** /* USER CODE BEGIN 0 */
  24:Src/can.c     **** 
  25:Src/can.c     **** /* USER CODE END 0 */
  26:Src/can.c     **** 
  27:Src/can.c     **** CAN_HandleTypeDef hcan1;
  28:Src/can.c     **** 
  29:Src/can.c     **** /* CAN1 init function */
  30:Src/can.c     **** void MX_CAN1_Init(void)
  31:Src/can.c     **** {
  27              		.loc 1 31 1 view -0
ARM GAS  C:\Users\User\AppData\Local\Temp\ccSdoa8r.s 			page 2


  28              		.cfi_startproc
  29              		@ args = 0, pretend = 0, frame = 0
  30              		@ frame_needed = 0, uses_anonymous_args = 0
  31 0000 08B5     		push	{r3, lr}
  32              	.LCFI0:
  33              		.cfi_def_cfa_offset 8
  34              		.cfi_offset 3, -8
  35              		.cfi_offset 14, -4
  32:Src/can.c     **** 
  33:Src/can.c     ****   hcan1.Instance = CAN1;
  36              		.loc 1 33 3 view .LVU1
  37              		.loc 1 33 18 is_stmt 0 view .LVU2
  38 0002 0B48     		ldr	r0, .L5
  39 0004 0B4B     		ldr	r3, .L5+4
  40 0006 0360     		str	r3, [r0]
  34:Src/can.c     ****   hcan1.Init.Prescaler = 16;
  41              		.loc 1 34 3 is_stmt 1 view .LVU3
  42              		.loc 1 34 24 is_stmt 0 view .LVU4
  43 0008 1023     		movs	r3, #16
  44 000a 4360     		str	r3, [r0, #4]
  35:Src/can.c     ****   hcan1.Init.Mode = CAN_MODE_NORMAL;
  45              		.loc 1 35 3 is_stmt 1 view .LVU5
  46              		.loc 1 35 19 is_stmt 0 view .LVU6
  47 000c 0023     		movs	r3, #0
  48 000e 8360     		str	r3, [r0, #8]
  36:Src/can.c     ****   hcan1.Init.SyncJumpWidth = CAN_SJW_1TQ;
  49              		.loc 1 36 3 is_stmt 1 view .LVU7
  50              		.loc 1 36 28 is_stmt 0 view .LVU8
  51 0010 C360     		str	r3, [r0, #12]
  37:Src/can.c     ****   hcan1.Init.TimeSeg1 = CAN_BS1_1TQ;
  52              		.loc 1 37 3 is_stmt 1 view .LVU9
  53              		.loc 1 37 23 is_stmt 0 view .LVU10
  54 0012 0361     		str	r3, [r0, #16]
  38:Src/can.c     ****   hcan1.Init.TimeSeg2 = CAN_BS2_1TQ;
  55              		.loc 1 38 3 is_stmt 1 view .LVU11
  56              		.loc 1 38 23 is_stmt 0 view .LVU12
  57 0014 4361     		str	r3, [r0, #20]
  39:Src/can.c     ****   hcan1.Init.TimeTriggeredMode = DISABLE;
  58              		.loc 1 39 3 is_stmt 1 view .LVU13
  59              		.loc 1 39 32 is_stmt 0 view .LVU14
  60 0016 0376     		strb	r3, [r0, #24]
  40:Src/can.c     ****   hcan1.Init.AutoBusOff = DISABLE;
  61              		.loc 1 40 3 is_stmt 1 view .LVU15
  62              		.loc 1 40 25 is_stmt 0 view .LVU16
  63 0018 4376     		strb	r3, [r0, #25]
  41:Src/can.c     ****   hcan1.Init.AutoWakeUp = DISABLE;
  64              		.loc 1 41 3 is_stmt 1 view .LVU17
  65              		.loc 1 41 25 is_stmt 0 view .LVU18
  66 001a 8376     		strb	r3, [r0, #26]
  42:Src/can.c     ****   hcan1.Init.AutoRetransmission = DISABLE;
  67              		.loc 1 42 3 is_stmt 1 view .LVU19
  68              		.loc 1 42 33 is_stmt 0 view .LVU20
  69 001c C376     		strb	r3, [r0, #27]
  43:Src/can.c     ****   hcan1.Init.ReceiveFifoLocked = DISABLE;
  70              		.loc 1 43 3 is_stmt 1 view .LVU21
  71              		.loc 1 43 32 is_stmt 0 view .LVU22
  72 001e 0377     		strb	r3, [r0, #28]
ARM GAS  C:\Users\User\AppData\Local\Temp\ccSdoa8r.s 			page 3


  44:Src/can.c     ****   hcan1.Init.TransmitFifoPriority = DISABLE;
  73              		.loc 1 44 3 is_stmt 1 view .LVU23
  74              		.loc 1 44 35 is_stmt 0 view .LVU24
  75 0020 4377     		strb	r3, [r0, #29]
  45:Src/can.c     ****   if (HAL_CAN_Init(&hcan1) != HAL_OK)
  76              		.loc 1 45 3 is_stmt 1 view .LVU25
  77              		.loc 1 45 7 is_stmt 0 view .LVU26
  78 0022 FFF7FEFF 		bl	HAL_CAN_Init
  79              	.LVL0:
  80              		.loc 1 45 6 view .LVU27
  81 0026 00B9     		cbnz	r0, .L4
  82              	.L1:
  46:Src/can.c     ****   {
  47:Src/can.c     ****     Error_Handler();
  48:Src/can.c     ****   }
  49:Src/can.c     **** 
  50:Src/can.c     **** }
  83              		.loc 1 50 1 view .LVU28
  84 0028 08BD     		pop	{r3, pc}
  85              	.L4:
  47:Src/can.c     ****   }
  86              		.loc 1 47 5 is_stmt 1 view .LVU29
  87 002a FFF7FEFF 		bl	Error_Handler
  88              	.LVL1:
  89              		.loc 1 50 1 is_stmt 0 view .LVU30
  90 002e FBE7     		b	.L1
  91              	.L6:
  92              		.align	2
  93              	.L5:
  94 0030 00000000 		.word	hcan1
  95 0034 00640040 		.word	1073767424
  96              		.cfi_endproc
  97              	.LFE72:
  99              		.section	.text.HAL_CAN_MspInit,"ax",%progbits
 100              		.align	1
 101              		.global	HAL_CAN_MspInit
 102              		.syntax unified
 103              		.thumb
 104              		.thumb_func
 105              		.fpu softvfp
 107              	HAL_CAN_MspInit:
 108              	.LVL2:
 109              	.LFB73:
  51:Src/can.c     **** 
  52:Src/can.c     **** void HAL_CAN_MspInit(CAN_HandleTypeDef* canHandle)
  53:Src/can.c     **** {
 110              		.loc 1 53 1 is_stmt 1 view -0
 111              		.cfi_startproc
 112              		@ args = 0, pretend = 0, frame = 32
 113              		@ frame_needed = 0, uses_anonymous_args = 0
 114              		.loc 1 53 1 is_stmt 0 view .LVU32
 115 0000 00B5     		push	{lr}
 116              	.LCFI1:
 117              		.cfi_def_cfa_offset 4
 118              		.cfi_offset 14, -4
 119 0002 89B0     		sub	sp, sp, #36
 120              	.LCFI2:
ARM GAS  C:\Users\User\AppData\Local\Temp\ccSdoa8r.s 			page 4


 121              		.cfi_def_cfa_offset 40
  54:Src/can.c     **** 
  55:Src/can.c     ****   GPIO_InitTypeDef GPIO_InitStruct = {0};
 122              		.loc 1 55 3 is_stmt 1 view .LVU33
 123              		.loc 1 55 20 is_stmt 0 view .LVU34
 124 0004 0023     		movs	r3, #0
 125 0006 0393     		str	r3, [sp, #12]
 126 0008 0493     		str	r3, [sp, #16]
 127 000a 0593     		str	r3, [sp, #20]
 128 000c 0693     		str	r3, [sp, #24]
 129 000e 0793     		str	r3, [sp, #28]
  56:Src/can.c     ****   if(canHandle->Instance==CAN1)
 130              		.loc 1 56 3 is_stmt 1 view .LVU35
 131              		.loc 1 56 15 is_stmt 0 view .LVU36
 132 0010 0268     		ldr	r2, [r0]
 133              		.loc 1 56 5 view .LVU37
 134 0012 154B     		ldr	r3, .L11
 135 0014 9A42     		cmp	r2, r3
 136 0016 02D0     		beq	.L10
 137              	.LVL3:
 138              	.L7:
  57:Src/can.c     ****   {
  58:Src/can.c     ****   /* USER CODE BEGIN CAN1_MspInit 0 */
  59:Src/can.c     **** 
  60:Src/can.c     ****   /* USER CODE END CAN1_MspInit 0 */
  61:Src/can.c     ****     /* CAN1 clock enable */
  62:Src/can.c     ****     __HAL_RCC_CAN1_CLK_ENABLE();
  63:Src/can.c     ****   
  64:Src/can.c     ****     __HAL_RCC_GPIOA_CLK_ENABLE();
  65:Src/can.c     ****     /**CAN1 GPIO Configuration    
  66:Src/can.c     ****     PA11     ------> CAN1_RX
  67:Src/can.c     ****     PA12     ------> CAN1_TX 
  68:Src/can.c     ****     */
  69:Src/can.c     ****     GPIO_InitStruct.Pin = GPIO_PIN_11|GPIO_PIN_12;
  70:Src/can.c     ****     GPIO_InitStruct.Mode = GPIO_MODE_AF_PP;
  71:Src/can.c     ****     GPIO_InitStruct.Pull = GPIO_NOPULL;
  72:Src/can.c     ****     GPIO_InitStruct.Speed = GPIO_SPEED_FREQ_VERY_HIGH;
  73:Src/can.c     ****     GPIO_InitStruct.Alternate = GPIO_AF9_CAN1;
  74:Src/can.c     ****     HAL_GPIO_Init(GPIOA, &GPIO_InitStruct);
  75:Src/can.c     **** 
  76:Src/can.c     ****   /* USER CODE BEGIN CAN1_MspInit 1 */
  77:Src/can.c     **** 
  78:Src/can.c     ****   /* USER CODE END CAN1_MspInit 1 */
  79:Src/can.c     ****   }
  80:Src/can.c     **** }
 139              		.loc 1 80 1 view .LVU38
 140 0018 09B0     		add	sp, sp, #36
 141              	.LCFI3:
 142              		.cfi_remember_state
 143              		.cfi_def_cfa_offset 4
 144              		@ sp needed
 145 001a 5DF804FB 		ldr	pc, [sp], #4
 146              	.LVL4:
 147              	.L10:
 148              	.LCFI4:
 149              		.cfi_restore_state
  62:Src/can.c     ****   
ARM GAS  C:\Users\User\AppData\Local\Temp\ccSdoa8r.s 			page 5


 150              		.loc 1 62 5 is_stmt 1 view .LVU39
 151              	.LBB2:
  62:Src/can.c     ****   
 152              		.loc 1 62 5 view .LVU40
 153 001e 0021     		movs	r1, #0
 154 0020 0191     		str	r1, [sp, #4]
  62:Src/can.c     ****   
 155              		.loc 1 62 5 view .LVU41
 156 0022 03F5EA33 		add	r3, r3, #119808
 157 0026 1A6C     		ldr	r2, [r3, #64]
 158 0028 42F00072 		orr	r2, r2, #33554432
 159 002c 1A64     		str	r2, [r3, #64]
  62:Src/can.c     ****   
 160              		.loc 1 62 5 view .LVU42
 161 002e 1A6C     		ldr	r2, [r3, #64]
 162 0030 02F00072 		and	r2, r2, #33554432
 163 0034 0192     		str	r2, [sp, #4]
  62:Src/can.c     ****   
 164              		.loc 1 62 5 view .LVU43
 165 0036 019A     		ldr	r2, [sp, #4]
 166              	.LBE2:
  64:Src/can.c     ****     /**CAN1 GPIO Configuration    
 167              		.loc 1 64 5 view .LVU44
 168              	.LBB3:
  64:Src/can.c     ****     /**CAN1 GPIO Configuration    
 169              		.loc 1 64 5 view .LVU45
 170 0038 0291     		str	r1, [sp, #8]
  64:Src/can.c     ****     /**CAN1 GPIO Configuration    
 171              		.loc 1 64 5 view .LVU46
 172 003a 1A6B     		ldr	r2, [r3, #48]
 173 003c 42F00102 		orr	r2, r2, #1
 174 0040 1A63     		str	r2, [r3, #48]
  64:Src/can.c     ****     /**CAN1 GPIO Configuration    
 175              		.loc 1 64 5 view .LVU47
 176 0042 1B6B     		ldr	r3, [r3, #48]
 177 0044 03F00103 		and	r3, r3, #1
 178 0048 0293     		str	r3, [sp, #8]
  64:Src/can.c     ****     /**CAN1 GPIO Configuration    
 179              		.loc 1 64 5 view .LVU48
 180 004a 029B     		ldr	r3, [sp, #8]
 181              	.LBE3:
  69:Src/can.c     ****     GPIO_InitStruct.Mode = GPIO_MODE_AF_PP;
 182              		.loc 1 69 5 view .LVU49
  69:Src/can.c     ****     GPIO_InitStruct.Mode = GPIO_MODE_AF_PP;
 183              		.loc 1 69 25 is_stmt 0 view .LVU50
 184 004c 4FF4C053 		mov	r3, #6144
 185 0050 0393     		str	r3, [sp, #12]
  70:Src/can.c     ****     GPIO_InitStruct.Pull = GPIO_NOPULL;
 186              		.loc 1 70 5 is_stmt 1 view .LVU51
  70:Src/can.c     ****     GPIO_InitStruct.Pull = GPIO_NOPULL;
 187              		.loc 1 70 26 is_stmt 0 view .LVU52
 188 0052 0223     		movs	r3, #2
 189 0054 0493     		str	r3, [sp, #16]
  71:Src/can.c     ****     GPIO_InitStruct.Speed = GPIO_SPEED_FREQ_VERY_HIGH;
 190              		.loc 1 71 5 is_stmt 1 view .LVU53
  72:Src/can.c     ****     GPIO_InitStruct.Alternate = GPIO_AF9_CAN1;
 191              		.loc 1 72 5 view .LVU54
ARM GAS  C:\Users\User\AppData\Local\Temp\ccSdoa8r.s 			page 6


  72:Src/can.c     ****     GPIO_InitStruct.Alternate = GPIO_AF9_CAN1;
 192              		.loc 1 72 27 is_stmt 0 view .LVU55
 193 0056 0323     		movs	r3, #3
 194 0058 0693     		str	r3, [sp, #24]
  73:Src/can.c     ****     HAL_GPIO_Init(GPIOA, &GPIO_InitStruct);
 195              		.loc 1 73 5 is_stmt 1 view .LVU56
  73:Src/can.c     ****     HAL_GPIO_Init(GPIOA, &GPIO_InitStruct);
 196              		.loc 1 73 31 is_stmt 0 view .LVU57
 197 005a 0923     		movs	r3, #9
 198 005c 0793     		str	r3, [sp, #28]
  74:Src/can.c     **** 
 199              		.loc 1 74 5 is_stmt 1 view .LVU58
 200 005e 03A9     		add	r1, sp, #12
 201 0060 0248     		ldr	r0, .L11+4
 202              	.LVL5:
  74:Src/can.c     **** 
 203              		.loc 1 74 5 is_stmt 0 view .LVU59
 204 0062 FFF7FEFF 		bl	HAL_GPIO_Init
 205              	.LVL6:
 206              		.loc 1 80 1 view .LVU60
 207 0066 D7E7     		b	.L7
 208              	.L12:
 209              		.align	2
 210              	.L11:
 211 0068 00640040 		.word	1073767424
 212 006c 00000240 		.word	1073872896
 213              		.cfi_endproc
 214              	.LFE73:
 216              		.section	.text.HAL_CAN_MspDeInit,"ax",%progbits
 217              		.align	1
 218              		.global	HAL_CAN_MspDeInit
 219              		.syntax unified
 220              		.thumb
 221              		.thumb_func
 222              		.fpu softvfp
 224              	HAL_CAN_MspDeInit:
 225              	.LVL7:
 226              	.LFB74:
  81:Src/can.c     **** 
  82:Src/can.c     **** void HAL_CAN_MspDeInit(CAN_HandleTypeDef* canHandle)
  83:Src/can.c     **** {
 227              		.loc 1 83 1 is_stmt 1 view -0
 228              		.cfi_startproc
 229              		@ args = 0, pretend = 0, frame = 0
 230              		@ frame_needed = 0, uses_anonymous_args = 0
 231              		.loc 1 83 1 is_stmt 0 view .LVU62
 232 0000 08B5     		push	{r3, lr}
 233              	.LCFI5:
 234              		.cfi_def_cfa_offset 8
 235              		.cfi_offset 3, -8
 236              		.cfi_offset 14, -4
  84:Src/can.c     **** 
  85:Src/can.c     ****   if(canHandle->Instance==CAN1)
 237              		.loc 1 85 3 is_stmt 1 view .LVU63
 238              		.loc 1 85 15 is_stmt 0 view .LVU64
 239 0002 0268     		ldr	r2, [r0]
 240              		.loc 1 85 5 view .LVU65
ARM GAS  C:\Users\User\AppData\Local\Temp\ccSdoa8r.s 			page 7


 241 0004 074B     		ldr	r3, .L17
 242 0006 9A42     		cmp	r2, r3
 243 0008 00D0     		beq	.L16
 244              	.LVL8:
 245              	.L13:
  86:Src/can.c     ****   {
  87:Src/can.c     ****   /* USER CODE BEGIN CAN1_MspDeInit 0 */
  88:Src/can.c     **** 
  89:Src/can.c     ****   /* USER CODE END CAN1_MspDeInit 0 */
  90:Src/can.c     ****     /* Peripheral clock disable */
  91:Src/can.c     ****     __HAL_RCC_CAN1_CLK_DISABLE();
  92:Src/can.c     ****   
  93:Src/can.c     ****     /**CAN1 GPIO Configuration    
  94:Src/can.c     ****     PA11     ------> CAN1_RX
  95:Src/can.c     ****     PA12     ------> CAN1_TX 
  96:Src/can.c     ****     */
  97:Src/can.c     ****     HAL_GPIO_DeInit(GPIOA, GPIO_PIN_11|GPIO_PIN_12);
  98:Src/can.c     **** 
  99:Src/can.c     ****   /* USER CODE BEGIN CAN1_MspDeInit 1 */
 100:Src/can.c     **** 
 101:Src/can.c     ****   /* USER CODE END CAN1_MspDeInit 1 */
 102:Src/can.c     ****   }
 103:Src/can.c     **** } 
 246              		.loc 1 103 1 view .LVU66
 247 000a 08BD     		pop	{r3, pc}
 248              	.LVL9:
 249              	.L16:
  91:Src/can.c     ****   
 250              		.loc 1 91 5 is_stmt 1 view .LVU67
 251 000c 064A     		ldr	r2, .L17+4
 252 000e 136C     		ldr	r3, [r2, #64]
 253 0010 23F00073 		bic	r3, r3, #33554432
 254 0014 1364     		str	r3, [r2, #64]
  97:Src/can.c     **** 
 255              		.loc 1 97 5 view .LVU68
 256 0016 4FF4C051 		mov	r1, #6144
 257 001a 0448     		ldr	r0, .L17+8
 258              	.LVL10:
  97:Src/can.c     **** 
 259              		.loc 1 97 5 is_stmt 0 view .LVU69
 260 001c FFF7FEFF 		bl	HAL_GPIO_DeInit
 261              	.LVL11:
 262              		.loc 1 103 1 view .LVU70
 263 0020 F3E7     		b	.L13
 264              	.L18:
 265 0022 00BF     		.align	2
 266              	.L17:
 267 0024 00640040 		.word	1073767424
 268 0028 00380240 		.word	1073887232
 269 002c 00000240 		.word	1073872896
 270              		.cfi_endproc
 271              	.LFE74:
 273              		.comm	hcan1,40,4
 274              		.text
 275              	.Letext0:
 276              		.file 2 "c:\\users\\user\\appdata\\roaming\\gnumcueclipse\\armembeddedgcc\\arm-none-eabi\\include\
 277              		.file 3 "c:\\users\\user\\appdata\\roaming\\gnumcueclipse\\armembeddedgcc\\arm-none-eabi\\include\
ARM GAS  C:\Users\User\AppData\Local\Temp\ccSdoa8r.s 			page 8


 278              		.file 4 "Drivers/CMSIS/Include/core_cm3.h"
 279              		.file 5 "Drivers/CMSIS/Device/ST/STM32F2xx/Include/system_stm32f2xx.h"
 280              		.file 6 "Drivers/CMSIS/Device/ST/STM32F2xx/Include/stm32f215xx.h"
 281              		.file 7 "Drivers/CMSIS/Device/ST/STM32F2xx/Include/stm32f2xx.h"
 282              		.file 8 "Drivers/STM32F2xx_HAL_Driver/Inc/stm32f2xx_hal_def.h"
 283              		.file 9 "Drivers/STM32F2xx_HAL_Driver/Inc/stm32f2xx_hal_gpio.h"
 284              		.file 10 "Drivers/STM32F2xx_HAL_Driver/Inc/stm32f2xx_hal_can.h"
 285              		.file 11 "Drivers/STM32F2xx_HAL_Driver/Inc/stm32f2xx_hal.h"
 286              		.file 12 "Inc/can.h"
 287              		.file 13 "Inc/main.h"
ARM GAS  C:\Users\User\AppData\Local\Temp\ccSdoa8r.s 			page 9


DEFINED SYMBOLS
                            *ABS*:0000000000000000 can.c
C:\Users\User\AppData\Local\Temp\ccSdoa8r.s:16     .text.MX_CAN1_Init:0000000000000000 $t
C:\Users\User\AppData\Local\Temp\ccSdoa8r.s:24     .text.MX_CAN1_Init:0000000000000000 MX_CAN1_Init
C:\Users\User\AppData\Local\Temp\ccSdoa8r.s:94     .text.MX_CAN1_Init:0000000000000030 $d
                            *COM*:0000000000000028 hcan1
C:\Users\User\AppData\Local\Temp\ccSdoa8r.s:100    .text.HAL_CAN_MspInit:0000000000000000 $t
C:\Users\User\AppData\Local\Temp\ccSdoa8r.s:107    .text.HAL_CAN_MspInit:0000000000000000 HAL_CAN_MspInit
C:\Users\User\AppData\Local\Temp\ccSdoa8r.s:211    .text.HAL_CAN_MspInit:0000000000000068 $d
C:\Users\User\AppData\Local\Temp\ccSdoa8r.s:217    .text.HAL_CAN_MspDeInit:0000000000000000 $t
C:\Users\User\AppData\Local\Temp\ccSdoa8r.s:224    .text.HAL_CAN_MspDeInit:0000000000000000 HAL_CAN_MspDeInit
C:\Users\User\AppData\Local\Temp\ccSdoa8r.s:267    .text.HAL_CAN_MspDeInit:0000000000000024 $d

UNDEFINED SYMBOLS
HAL_CAN_Init
Error_Handler
HAL_GPIO_Init
HAL_GPIO_DeInit
