ARM GAS  C:\Users\User\AppData\Local\Temp\cc3KiY53.s 			page 1


   1              		.cpu cortex-m3
   2              		.eabi_attribute 20, 1
   3              		.eabi_attribute 21, 1
   4              		.eabi_attribute 23, 3
   5              		.eabi_attribute 24, 1
   6              		.eabi_attribute 25, 1
   7              		.eabi_attribute 26, 1
   8              		.eabi_attribute 30, 1
   9              		.eabi_attribute 34, 1
  10              		.eabi_attribute 18, 4
  11              		.file	"gpio.c"
  12              		.text
  13              	.Ltext0:
  14              		.cfi_sections	.debug_frame
  15              		.section	.text.MX_GPIO_Init,"ax",%progbits
  16              		.align	1
  17              		.global	MX_GPIO_Init
  18              		.arch armv7-m
  19              		.syntax unified
  20              		.thumb
  21              		.thumb_func
  22              		.fpu softvfp
  24              	MX_GPIO_Init:
  25              	.LFB72:
  26              		.file 1 "Src/gpio.c"
   1:Src/gpio.c    **** /**
   2:Src/gpio.c    ****   ******************************************************************************
   3:Src/gpio.c    ****   * File Name          : gpio.c
   4:Src/gpio.c    ****   * Description        : This file provides code for the configuration
   5:Src/gpio.c    ****   *                      of all used GPIO pins.
   6:Src/gpio.c    ****   ******************************************************************************
   7:Src/gpio.c    ****   * @attention
   8:Src/gpio.c    ****   *
   9:Src/gpio.c    ****   * <h2><center>&copy; Copyright (c) 2019 STMicroelectronics.
  10:Src/gpio.c    ****   * All rights reserved.</center></h2>
  11:Src/gpio.c    ****   *
  12:Src/gpio.c    ****   * This software component is licensed by ST under Ultimate Liberty license
  13:Src/gpio.c    ****   * SLA0044, the "License"; You may not use this file except in compliance with
  14:Src/gpio.c    ****   * the License. You may obtain a copy of the License at:
  15:Src/gpio.c    ****   *                             www.st.com/SLA0044
  16:Src/gpio.c    ****   *
  17:Src/gpio.c    ****   ******************************************************************************
  18:Src/gpio.c    ****   */
  19:Src/gpio.c    **** 
  20:Src/gpio.c    **** /* Includes ------------------------------------------------------------------*/
  21:Src/gpio.c    **** #include "gpio.h"
  22:Src/gpio.c    **** /* USER CODE BEGIN 0 */
  23:Src/gpio.c    **** 
  24:Src/gpio.c    **** /* USER CODE END 0 */
  25:Src/gpio.c    **** 
  26:Src/gpio.c    **** /*----------------------------------------------------------------------------*/
  27:Src/gpio.c    **** /* Configure GPIO                                                             */
  28:Src/gpio.c    **** /*----------------------------------------------------------------------------*/
  29:Src/gpio.c    **** /* USER CODE BEGIN 1 */
  30:Src/gpio.c    **** 
  31:Src/gpio.c    **** /* USER CODE END 1 */
  32:Src/gpio.c    **** 
ARM GAS  C:\Users\User\AppData\Local\Temp\cc3KiY53.s 			page 2


  33:Src/gpio.c    **** /** Configure pins as 
  34:Src/gpio.c    ****         * Analog 
  35:Src/gpio.c    ****         * Input 
  36:Src/gpio.c    ****         * Output
  37:Src/gpio.c    ****         * EVENT_OUT
  38:Src/gpio.c    ****         * EXTI
  39:Src/gpio.c    ****      PA8   ------> RCC_MCO_1
  40:Src/gpio.c    **** */
  41:Src/gpio.c    **** void MX_GPIO_Init(void)
  42:Src/gpio.c    **** {
  27              		.loc 1 42 1 view -0
  28              		.cfi_startproc
  29              		@ args = 0, pretend = 0, frame = 48
  30              		@ frame_needed = 0, uses_anonymous_args = 0
  31 0000 00B5     		push	{lr}
  32              	.LCFI0:
  33              		.cfi_def_cfa_offset 4
  34              		.cfi_offset 14, -4
  35 0002 8DB0     		sub	sp, sp, #52
  36              	.LCFI1:
  37              		.cfi_def_cfa_offset 56
  43:Src/gpio.c    **** 
  44:Src/gpio.c    ****   GPIO_InitTypeDef GPIO_InitStruct = {0};
  38              		.loc 1 44 3 view .LVU1
  39              		.loc 1 44 20 is_stmt 0 view .LVU2
  40 0004 0022     		movs	r2, #0
  41 0006 0992     		str	r2, [sp, #36]
  42 0008 0A92     		str	r2, [sp, #40]
  43 000a 0B92     		str	r2, [sp, #44]
  45:Src/gpio.c    **** 
  46:Src/gpio.c    ****   /* GPIO Ports Clock Enable */
  47:Src/gpio.c    ****   __HAL_RCC_GPIOH_CLK_ENABLE();
  44              		.loc 1 47 3 is_stmt 1 view .LVU3
  45              	.LBB2:
  46              		.loc 1 47 3 view .LVU4
  47 000c 0192     		str	r2, [sp, #4]
  48              		.loc 1 47 3 view .LVU5
  49 000e 244B     		ldr	r3, .L3
  50 0010 196B     		ldr	r1, [r3, #48]
  51 0012 41F08001 		orr	r1, r1, #128
  52 0016 1963     		str	r1, [r3, #48]
  53              		.loc 1 47 3 view .LVU6
  54 0018 196B     		ldr	r1, [r3, #48]
  55 001a 01F08001 		and	r1, r1, #128
  56 001e 0191     		str	r1, [sp, #4]
  57              		.loc 1 47 3 view .LVU7
  58 0020 0199     		ldr	r1, [sp, #4]
  59              	.LBE2:
  48:Src/gpio.c    ****   __HAL_RCC_GPIOC_CLK_ENABLE();
  60              		.loc 1 48 3 view .LVU8
  61              	.LBB3:
  62              		.loc 1 48 3 view .LVU9
  63 0022 0292     		str	r2, [sp, #8]
  64              		.loc 1 48 3 view .LVU10
  65 0024 196B     		ldr	r1, [r3, #48]
  66 0026 41F00401 		orr	r1, r1, #4
  67 002a 1963     		str	r1, [r3, #48]
ARM GAS  C:\Users\User\AppData\Local\Temp\cc3KiY53.s 			page 3


  68              		.loc 1 48 3 view .LVU11
  69 002c 196B     		ldr	r1, [r3, #48]
  70 002e 01F00401 		and	r1, r1, #4
  71 0032 0291     		str	r1, [sp, #8]
  72              		.loc 1 48 3 view .LVU12
  73 0034 0299     		ldr	r1, [sp, #8]
  74              	.LBE3:
  49:Src/gpio.c    ****   __HAL_RCC_GPIOA_CLK_ENABLE();
  75              		.loc 1 49 3 view .LVU13
  76              	.LBB4:
  77              		.loc 1 49 3 view .LVU14
  78 0036 0392     		str	r2, [sp, #12]
  79              		.loc 1 49 3 view .LVU15
  80 0038 196B     		ldr	r1, [r3, #48]
  81 003a 41F00101 		orr	r1, r1, #1
  82 003e 1963     		str	r1, [r3, #48]
  83              		.loc 1 49 3 view .LVU16
  84 0040 196B     		ldr	r1, [r3, #48]
  85 0042 01F00101 		and	r1, r1, #1
  86 0046 0391     		str	r1, [sp, #12]
  87              		.loc 1 49 3 view .LVU17
  88 0048 0399     		ldr	r1, [sp, #12]
  89              	.LBE4:
  50:Src/gpio.c    ****   __HAL_RCC_GPIOB_CLK_ENABLE();
  90              		.loc 1 50 3 view .LVU18
  91              	.LBB5:
  92              		.loc 1 50 3 view .LVU19
  93 004a 0492     		str	r2, [sp, #16]
  94              		.loc 1 50 3 view .LVU20
  95 004c 196B     		ldr	r1, [r3, #48]
  96 004e 41F00201 		orr	r1, r1, #2
  97 0052 1963     		str	r1, [r3, #48]
  98              		.loc 1 50 3 view .LVU21
  99 0054 196B     		ldr	r1, [r3, #48]
 100 0056 01F00201 		and	r1, r1, #2
 101 005a 0491     		str	r1, [sp, #16]
 102              		.loc 1 50 3 view .LVU22
 103 005c 0499     		ldr	r1, [sp, #16]
 104              	.LBE5:
  51:Src/gpio.c    ****   __HAL_RCC_GPIOE_CLK_ENABLE();
 105              		.loc 1 51 3 view .LVU23
 106              	.LBB6:
 107              		.loc 1 51 3 view .LVU24
 108 005e 0592     		str	r2, [sp, #20]
 109              		.loc 1 51 3 view .LVU25
 110 0060 196B     		ldr	r1, [r3, #48]
 111 0062 41F01001 		orr	r1, r1, #16
 112 0066 1963     		str	r1, [r3, #48]
 113              		.loc 1 51 3 view .LVU26
 114 0068 196B     		ldr	r1, [r3, #48]
 115 006a 01F01001 		and	r1, r1, #16
 116 006e 0591     		str	r1, [sp, #20]
 117              		.loc 1 51 3 view .LVU27
 118 0070 0599     		ldr	r1, [sp, #20]
 119              	.LBE6:
  52:Src/gpio.c    ****   __HAL_RCC_GPIOD_CLK_ENABLE();
 120              		.loc 1 52 3 view .LVU28
ARM GAS  C:\Users\User\AppData\Local\Temp\cc3KiY53.s 			page 4


 121              	.LBB7:
 122              		.loc 1 52 3 view .LVU29
 123 0072 0692     		str	r2, [sp, #24]
 124              		.loc 1 52 3 view .LVU30
 125 0074 1A6B     		ldr	r2, [r3, #48]
 126 0076 42F00802 		orr	r2, r2, #8
 127 007a 1A63     		str	r2, [r3, #48]
 128              		.loc 1 52 3 view .LVU31
 129 007c 1B6B     		ldr	r3, [r3, #48]
 130 007e 03F00803 		and	r3, r3, #8
 131 0082 0693     		str	r3, [sp, #24]
 132              		.loc 1 52 3 view .LVU32
 133 0084 069B     		ldr	r3, [sp, #24]
 134              	.LBE7:
  53:Src/gpio.c    **** 
  54:Src/gpio.c    ****   /*Configure GPIO pin : PA8 */
  55:Src/gpio.c    ****   GPIO_InitStruct.Pin = GPIO_PIN_8;
 135              		.loc 1 55 3 view .LVU33
 136              		.loc 1 55 23 is_stmt 0 view .LVU34
 137 0086 4FF48073 		mov	r3, #256
 138 008a 0793     		str	r3, [sp, #28]
  56:Src/gpio.c    ****   GPIO_InitStruct.Mode = GPIO_MODE_AF_PP;
 139              		.loc 1 56 3 is_stmt 1 view .LVU35
 140              		.loc 1 56 24 is_stmt 0 view .LVU36
 141 008c 0223     		movs	r3, #2
 142 008e 0893     		str	r3, [sp, #32]
  57:Src/gpio.c    ****   GPIO_InitStruct.Pull = GPIO_NOPULL;
 143              		.loc 1 57 3 is_stmt 1 view .LVU37
  58:Src/gpio.c    ****   GPIO_InitStruct.Speed = GPIO_SPEED_FREQ_LOW;
 144              		.loc 1 58 3 view .LVU38
  59:Src/gpio.c    ****   GPIO_InitStruct.Alternate = GPIO_AF0_MCO;
 145              		.loc 1 59 3 view .LVU39
  60:Src/gpio.c    ****   HAL_GPIO_Init(GPIOA, &GPIO_InitStruct);
 146              		.loc 1 60 3 view .LVU40
 147 0090 07A9     		add	r1, sp, #28
 148 0092 0448     		ldr	r0, .L3+4
 149 0094 FFF7FEFF 		bl	HAL_GPIO_Init
 150              	.LVL0:
  61:Src/gpio.c    **** 
  62:Src/gpio.c    **** }
 151              		.loc 1 62 1 is_stmt 0 view .LVU41
 152 0098 0DB0     		add	sp, sp, #52
 153              	.LCFI2:
 154              		.cfi_def_cfa_offset 4
 155              		@ sp needed
 156 009a 5DF804FB 		ldr	pc, [sp], #4
 157              	.L4:
 158 009e 00BF     		.align	2
 159              	.L3:
 160 00a0 00380240 		.word	1073887232
 161 00a4 00000240 		.word	1073872896
 162              		.cfi_endproc
 163              	.LFE72:
 165              		.text
 166              	.Letext0:
 167              		.file 2 "c:\\users\\user\\appdata\\roaming\\gnumcueclipse\\armembeddedgcc\\arm-none-eabi\\include\
 168              		.file 3 "c:\\users\\user\\appdata\\roaming\\gnumcueclipse\\armembeddedgcc\\arm-none-eabi\\include\
ARM GAS  C:\Users\User\AppData\Local\Temp\cc3KiY53.s 			page 5


 169              		.file 4 "Drivers/CMSIS/Include/core_cm3.h"
 170              		.file 5 "Drivers/CMSIS/Device/ST/STM32F2xx/Include/system_stm32f2xx.h"
 171              		.file 6 "Drivers/CMSIS/Device/ST/STM32F2xx/Include/stm32f215xx.h"
 172              		.file 7 "Drivers/STM32F2xx_HAL_Driver/Inc/stm32f2xx_hal_gpio.h"
 173              		.file 8 "Drivers/STM32F2xx_HAL_Driver/Inc/stm32f2xx_hal.h"
ARM GAS  C:\Users\User\AppData\Local\Temp\cc3KiY53.s 			page 6


DEFINED SYMBOLS
                            *ABS*:0000000000000000 gpio.c
C:\Users\User\AppData\Local\Temp\cc3KiY53.s:16     .text.MX_GPIO_Init:0000000000000000 $t
C:\Users\User\AppData\Local\Temp\cc3KiY53.s:24     .text.MX_GPIO_Init:0000000000000000 MX_GPIO_Init
C:\Users\User\AppData\Local\Temp\cc3KiY53.s:160    .text.MX_GPIO_Init:00000000000000a0 $d

UNDEFINED SYMBOLS
HAL_GPIO_Init
