ARM GAS  C:\Users\User\AppData\Local\Temp\ccpOR1i4.s 			page 1


   1              		.cpu cortex-m3
   2              		.eabi_attribute 20, 1
   3              		.eabi_attribute 21, 1
   4              		.eabi_attribute 23, 3
   5              		.eabi_attribute 24, 1
   6              		.eabi_attribute 25, 1
   7              		.eabi_attribute 26, 1
   8              		.eabi_attribute 30, 1
   9              		.eabi_attribute 34, 1
  10              		.eabi_attribute 18, 4
  11              		.file	"stm32f2xx_hal_msp.c"
  12              		.text
  13              	.Ltext0:
  14              		.cfi_sections	.debug_frame
  15              		.section	.text.HAL_MspInit,"ax",%progbits
  16              		.align	1
  17              		.global	HAL_MspInit
  18              		.arch armv7-m
  19              		.syntax unified
  20              		.thumb
  21              		.thumb_func
  22              		.fpu softvfp
  24              	HAL_MspInit:
  25              	.LFB72:
  26              		.file 1 "Src/stm32f2xx_hal_msp.c"
   1:Src/stm32f2xx_hal_msp.c **** /* USER CODE BEGIN Header */
   2:Src/stm32f2xx_hal_msp.c **** /**
   3:Src/stm32f2xx_hal_msp.c ****   ******************************************************************************
   4:Src/stm32f2xx_hal_msp.c ****   * File Name          : stm32f2xx_hal_msp.c
   5:Src/stm32f2xx_hal_msp.c ****   * Description        : This file provides code for the MSP Initialization 
   6:Src/stm32f2xx_hal_msp.c ****   *                      and de-Initialization codes.
   7:Src/stm32f2xx_hal_msp.c ****   ******************************************************************************
   8:Src/stm32f2xx_hal_msp.c ****   * @attention
   9:Src/stm32f2xx_hal_msp.c ****   *
  10:Src/stm32f2xx_hal_msp.c ****   * <h2><center>&copy; Copyright (c) 2019 STMicroelectronics.
  11:Src/stm32f2xx_hal_msp.c ****   * All rights reserved.</center></h2>
  12:Src/stm32f2xx_hal_msp.c ****   *
  13:Src/stm32f2xx_hal_msp.c ****   * This software component is licensed by ST under Ultimate Liberty license
  14:Src/stm32f2xx_hal_msp.c ****   * SLA0044, the "License"; You may not use this file except in compliance with
  15:Src/stm32f2xx_hal_msp.c ****   * the License. You may obtain a copy of the License at:
  16:Src/stm32f2xx_hal_msp.c ****   *                             www.st.com/SLA0044
  17:Src/stm32f2xx_hal_msp.c ****   *
  18:Src/stm32f2xx_hal_msp.c ****   ******************************************************************************
  19:Src/stm32f2xx_hal_msp.c ****   */
  20:Src/stm32f2xx_hal_msp.c **** /* USER CODE END Header */
  21:Src/stm32f2xx_hal_msp.c **** 
  22:Src/stm32f2xx_hal_msp.c **** /* Includes ------------------------------------------------------------------*/
  23:Src/stm32f2xx_hal_msp.c **** #include "main.h"
  24:Src/stm32f2xx_hal_msp.c **** /* USER CODE BEGIN Includes */
  25:Src/stm32f2xx_hal_msp.c **** 
  26:Src/stm32f2xx_hal_msp.c **** /* USER CODE END Includes */
  27:Src/stm32f2xx_hal_msp.c **** 
  28:Src/stm32f2xx_hal_msp.c **** /* Private typedef -----------------------------------------------------------*/
  29:Src/stm32f2xx_hal_msp.c **** /* USER CODE BEGIN TD */
  30:Src/stm32f2xx_hal_msp.c **** 
  31:Src/stm32f2xx_hal_msp.c **** /* USER CODE END TD */
  32:Src/stm32f2xx_hal_msp.c **** 
ARM GAS  C:\Users\User\AppData\Local\Temp\ccpOR1i4.s 			page 2


  33:Src/stm32f2xx_hal_msp.c **** /* Private define ------------------------------------------------------------*/
  34:Src/stm32f2xx_hal_msp.c **** /* USER CODE BEGIN Define */
  35:Src/stm32f2xx_hal_msp.c ****  
  36:Src/stm32f2xx_hal_msp.c **** /* USER CODE END Define */
  37:Src/stm32f2xx_hal_msp.c **** 
  38:Src/stm32f2xx_hal_msp.c **** /* Private macro -------------------------------------------------------------*/
  39:Src/stm32f2xx_hal_msp.c **** /* USER CODE BEGIN Macro */
  40:Src/stm32f2xx_hal_msp.c **** 
  41:Src/stm32f2xx_hal_msp.c **** /* USER CODE END Macro */
  42:Src/stm32f2xx_hal_msp.c **** 
  43:Src/stm32f2xx_hal_msp.c **** /* Private variables ---------------------------------------------------------*/
  44:Src/stm32f2xx_hal_msp.c **** /* USER CODE BEGIN PV */
  45:Src/stm32f2xx_hal_msp.c **** 
  46:Src/stm32f2xx_hal_msp.c **** /* USER CODE END PV */
  47:Src/stm32f2xx_hal_msp.c **** 
  48:Src/stm32f2xx_hal_msp.c **** /* Private function prototypes -----------------------------------------------*/
  49:Src/stm32f2xx_hal_msp.c **** /* USER CODE BEGIN PFP */
  50:Src/stm32f2xx_hal_msp.c **** 
  51:Src/stm32f2xx_hal_msp.c **** /* USER CODE END PFP */
  52:Src/stm32f2xx_hal_msp.c **** 
  53:Src/stm32f2xx_hal_msp.c **** /* External functions --------------------------------------------------------*/
  54:Src/stm32f2xx_hal_msp.c **** /* USER CODE BEGIN ExternalFunctions */
  55:Src/stm32f2xx_hal_msp.c **** 
  56:Src/stm32f2xx_hal_msp.c **** /* USER CODE END ExternalFunctions */
  57:Src/stm32f2xx_hal_msp.c **** 
  58:Src/stm32f2xx_hal_msp.c **** /* USER CODE BEGIN 0 */
  59:Src/stm32f2xx_hal_msp.c **** 
  60:Src/stm32f2xx_hal_msp.c **** /* USER CODE END 0 */
  61:Src/stm32f2xx_hal_msp.c **** /**
  62:Src/stm32f2xx_hal_msp.c ****   * Initializes the Global MSP.
  63:Src/stm32f2xx_hal_msp.c ****   */
  64:Src/stm32f2xx_hal_msp.c **** void HAL_MspInit(void)
  65:Src/stm32f2xx_hal_msp.c **** {
  27              		.loc 1 65 1 view -0
  28              		.cfi_startproc
  29              		@ args = 0, pretend = 0, frame = 8
  30              		@ frame_needed = 0, uses_anonymous_args = 0
  31 0000 00B5     		push	{lr}
  32              	.LCFI0:
  33              		.cfi_def_cfa_offset 4
  34              		.cfi_offset 14, -4
  35 0002 83B0     		sub	sp, sp, #12
  36              	.LCFI1:
  37              		.cfi_def_cfa_offset 16
  66:Src/stm32f2xx_hal_msp.c ****   /* USER CODE BEGIN MspInit 0 */
  67:Src/stm32f2xx_hal_msp.c **** 
  68:Src/stm32f2xx_hal_msp.c ****   /* USER CODE END MspInit 0 */
  69:Src/stm32f2xx_hal_msp.c **** 
  70:Src/stm32f2xx_hal_msp.c ****   __HAL_RCC_SYSCFG_CLK_ENABLE();
  38              		.loc 1 70 3 view .LVU1
  39              	.LBB2:
  40              		.loc 1 70 3 view .LVU2
  41 0004 0022     		movs	r2, #0
  42 0006 0092     		str	r2, [sp]
  43              		.loc 1 70 3 view .LVU3
  44 0008 0D4B     		ldr	r3, .L3
  45 000a 596C     		ldr	r1, [r3, #68]
ARM GAS  C:\Users\User\AppData\Local\Temp\ccpOR1i4.s 			page 3


  46 000c 41F48041 		orr	r1, r1, #16384
  47 0010 5964     		str	r1, [r3, #68]
  48              		.loc 1 70 3 view .LVU4
  49 0012 596C     		ldr	r1, [r3, #68]
  50 0014 01F48041 		and	r1, r1, #16384
  51 0018 0091     		str	r1, [sp]
  52              		.loc 1 70 3 view .LVU5
  53 001a 0099     		ldr	r1, [sp]
  54              	.LBE2:
  71:Src/stm32f2xx_hal_msp.c ****   __HAL_RCC_PWR_CLK_ENABLE();
  55              		.loc 1 71 3 view .LVU6
  56              	.LBB3:
  57              		.loc 1 71 3 view .LVU7
  58 001c 0192     		str	r2, [sp, #4]
  59              		.loc 1 71 3 view .LVU8
  60 001e 196C     		ldr	r1, [r3, #64]
  61 0020 41F08051 		orr	r1, r1, #268435456
  62 0024 1964     		str	r1, [r3, #64]
  63              		.loc 1 71 3 view .LVU9
  64 0026 1B6C     		ldr	r3, [r3, #64]
  65 0028 03F08053 		and	r3, r3, #268435456
  66 002c 0193     		str	r3, [sp, #4]
  67              		.loc 1 71 3 view .LVU10
  68 002e 019B     		ldr	r3, [sp, #4]
  69              	.LBE3:
  72:Src/stm32f2xx_hal_msp.c **** 
  73:Src/stm32f2xx_hal_msp.c ****   /* System interrupt init*/
  74:Src/stm32f2xx_hal_msp.c ****   /* PendSV_IRQn interrupt configuration */
  75:Src/stm32f2xx_hal_msp.c ****   HAL_NVIC_SetPriority(PendSV_IRQn, 15, 0);
  70              		.loc 1 75 3 view .LVU11
  71 0030 0F21     		movs	r1, #15
  72 0032 6FF00100 		mvn	r0, #1
  73 0036 FFF7FEFF 		bl	HAL_NVIC_SetPriority
  74              	.LVL0:
  76:Src/stm32f2xx_hal_msp.c **** 
  77:Src/stm32f2xx_hal_msp.c ****   /* USER CODE BEGIN MspInit 1 */
  78:Src/stm32f2xx_hal_msp.c **** 
  79:Src/stm32f2xx_hal_msp.c ****   /* USER CODE END MspInit 1 */
  80:Src/stm32f2xx_hal_msp.c **** }
  75              		.loc 1 80 1 is_stmt 0 view .LVU12
  76 003a 03B0     		add	sp, sp, #12
  77              	.LCFI2:
  78              		.cfi_def_cfa_offset 4
  79              		@ sp needed
  80 003c 5DF804FB 		ldr	pc, [sp], #4
  81              	.L4:
  82              		.align	2
  83              	.L3:
  84 0040 00380240 		.word	1073887232
  85              		.cfi_endproc
  86              	.LFE72:
  88              		.text
  89              	.Letext0:
  90              		.file 2 "c:\\users\\user\\appdata\\roaming\\gnumcueclipse\\armembeddedgcc\\arm-none-eabi\\include\
  91              		.file 3 "c:\\users\\user\\appdata\\roaming\\gnumcueclipse\\armembeddedgcc\\arm-none-eabi\\include\
  92              		.file 4 "Drivers/CMSIS/Include/core_cm3.h"
  93              		.file 5 "Drivers/CMSIS/Device/ST/STM32F2xx/Include/system_stm32f2xx.h"
ARM GAS  C:\Users\User\AppData\Local\Temp\ccpOR1i4.s 			page 4


  94              		.file 6 "Drivers/CMSIS/Device/ST/STM32F2xx/Include/stm32f215xx.h"
  95              		.file 7 "Drivers/STM32F2xx_HAL_Driver/Inc/stm32f2xx_hal.h"
  96              		.file 8 "Drivers/STM32F2xx_HAL_Driver/Inc/stm32f2xx_hal_cortex.h"
ARM GAS  C:\Users\User\AppData\Local\Temp\ccpOR1i4.s 			page 5


DEFINED SYMBOLS
                            *ABS*:0000000000000000 stm32f2xx_hal_msp.c
C:\Users\User\AppData\Local\Temp\ccpOR1i4.s:16     .text.HAL_MspInit:0000000000000000 $t
C:\Users\User\AppData\Local\Temp\ccpOR1i4.s:24     .text.HAL_MspInit:0000000000000000 HAL_MspInit
C:\Users\User\AppData\Local\Temp\ccpOR1i4.s:84     .text.HAL_MspInit:0000000000000040 $d

UNDEFINED SYMBOLS
HAL_NVIC_SetPriority
