ARM GAS  C:\Users\User\AppData\Local\Temp\ccaZQa4Q.s 			page 1


   1              		.cpu cortex-m3
   2              		.eabi_attribute 20, 1
   3              		.eabi_attribute 21, 1
   4              		.eabi_attribute 23, 3
   5              		.eabi_attribute 24, 1
   6              		.eabi_attribute 25, 1
   7              		.eabi_attribute 26, 1
   8              		.eabi_attribute 30, 1
   9              		.eabi_attribute 34, 1
  10              		.eabi_attribute 18, 4
  11              		.file	"stm32f2xx_it.c"
  12              		.text
  13              	.Ltext0:
  14              		.cfi_sections	.debug_frame
  15              		.section	.text.NMI_Handler,"ax",%progbits
  16              		.align	1
  17              		.global	NMI_Handler
  18              		.arch armv7-m
  19              		.syntax unified
  20              		.thumb
  21              		.thumb_func
  22              		.fpu softvfp
  24              	NMI_Handler:
  25              	.LFB77:
  26              		.file 1 "Src/stm32f2xx_it.c"
   1:Src/stm32f2xx_it.c **** /* USER CODE BEGIN Header */
   2:Src/stm32f2xx_it.c **** /**
   3:Src/stm32f2xx_it.c ****   ******************************************************************************
   4:Src/stm32f2xx_it.c ****   * @file    stm32f2xx_it.c
   5:Src/stm32f2xx_it.c ****   * @brief   Interrupt Service Routines.
   6:Src/stm32f2xx_it.c ****   ******************************************************************************
   7:Src/stm32f2xx_it.c ****   * @attention
   8:Src/stm32f2xx_it.c ****   *
   9:Src/stm32f2xx_it.c ****   * <h2><center>&copy; Copyright (c) 2019 STMicroelectronics.
  10:Src/stm32f2xx_it.c ****   * All rights reserved.</center></h2>
  11:Src/stm32f2xx_it.c ****   *
  12:Src/stm32f2xx_it.c ****   * This software component is licensed by ST under Ultimate Liberty license
  13:Src/stm32f2xx_it.c ****   * SLA0044, the "License"; You may not use this file except in compliance with
  14:Src/stm32f2xx_it.c ****   * the License. You may obtain a copy of the License at:
  15:Src/stm32f2xx_it.c ****   *                             www.st.com/SLA0044
  16:Src/stm32f2xx_it.c ****   *
  17:Src/stm32f2xx_it.c ****   ******************************************************************************
  18:Src/stm32f2xx_it.c ****   */
  19:Src/stm32f2xx_it.c **** /* USER CODE END Header */
  20:Src/stm32f2xx_it.c **** 
  21:Src/stm32f2xx_it.c **** /* Includes ------------------------------------------------------------------*/
  22:Src/stm32f2xx_it.c **** #include "main.h"
  23:Src/stm32f2xx_it.c **** #include "stm32f2xx_it.h"
  24:Src/stm32f2xx_it.c **** #include "FreeRTOS.h"
  25:Src/stm32f2xx_it.c **** #include "task.h"
  26:Src/stm32f2xx_it.c **** /* Private includes ----------------------------------------------------------*/
  27:Src/stm32f2xx_it.c **** /* USER CODE BEGIN Includes */
  28:Src/stm32f2xx_it.c **** /* USER CODE END Includes */
  29:Src/stm32f2xx_it.c **** 
  30:Src/stm32f2xx_it.c **** /* Private typedef -----------------------------------------------------------*/
  31:Src/stm32f2xx_it.c **** /* USER CODE BEGIN TD */
  32:Src/stm32f2xx_it.c **** 
ARM GAS  C:\Users\User\AppData\Local\Temp\ccaZQa4Q.s 			page 2


  33:Src/stm32f2xx_it.c **** /* USER CODE END TD */
  34:Src/stm32f2xx_it.c **** 
  35:Src/stm32f2xx_it.c **** /* Private define ------------------------------------------------------------*/
  36:Src/stm32f2xx_it.c **** /* USER CODE BEGIN PD */
  37:Src/stm32f2xx_it.c ****  
  38:Src/stm32f2xx_it.c **** /* USER CODE END PD */
  39:Src/stm32f2xx_it.c **** 
  40:Src/stm32f2xx_it.c **** /* Private macro -------------------------------------------------------------*/
  41:Src/stm32f2xx_it.c **** /* USER CODE BEGIN PM */
  42:Src/stm32f2xx_it.c **** 
  43:Src/stm32f2xx_it.c **** /* USER CODE END PM */
  44:Src/stm32f2xx_it.c **** 
  45:Src/stm32f2xx_it.c **** /* Private variables ---------------------------------------------------------*/
  46:Src/stm32f2xx_it.c **** /* USER CODE BEGIN PV */
  47:Src/stm32f2xx_it.c **** 
  48:Src/stm32f2xx_it.c **** /* USER CODE END PV */
  49:Src/stm32f2xx_it.c **** 
  50:Src/stm32f2xx_it.c **** /* Private function prototypes -----------------------------------------------*/
  51:Src/stm32f2xx_it.c **** /* USER CODE BEGIN PFP */
  52:Src/stm32f2xx_it.c **** 
  53:Src/stm32f2xx_it.c **** /* USER CODE END PFP */
  54:Src/stm32f2xx_it.c **** 
  55:Src/stm32f2xx_it.c **** /* Private user code ---------------------------------------------------------*/
  56:Src/stm32f2xx_it.c **** /* USER CODE BEGIN 0 */
  57:Src/stm32f2xx_it.c **** 
  58:Src/stm32f2xx_it.c **** /* USER CODE END 0 */
  59:Src/stm32f2xx_it.c **** 
  60:Src/stm32f2xx_it.c **** /* External variables --------------------------------------------------------*/
  61:Src/stm32f2xx_it.c **** extern PCD_HandleTypeDef hpcd_USB_OTG_HS;
  62:Src/stm32f2xx_it.c **** extern DMA_HandleTypeDef hdma_spi1_rx;
  63:Src/stm32f2xx_it.c **** extern DMA_HandleTypeDef hdma_spi1_tx;
  64:Src/stm32f2xx_it.c **** extern DMA_HandleTypeDef hdma_spi3_rx;
  65:Src/stm32f2xx_it.c **** extern DMA_HandleTypeDef hdma_spi3_tx;
  66:Src/stm32f2xx_it.c **** extern TIM_HandleTypeDef htim6;
  67:Src/stm32f2xx_it.c **** 
  68:Src/stm32f2xx_it.c **** /* USER CODE BEGIN EV */
  69:Src/stm32f2xx_it.c **** 
  70:Src/stm32f2xx_it.c **** /* USER CODE END EV */
  71:Src/stm32f2xx_it.c **** 
  72:Src/stm32f2xx_it.c **** /******************************************************************************/
  73:Src/stm32f2xx_it.c **** /*           Cortex-M3 Processor Interruption and Exception Handlers          */ 
  74:Src/stm32f2xx_it.c **** /******************************************************************************/
  75:Src/stm32f2xx_it.c **** /**
  76:Src/stm32f2xx_it.c ****   * @brief This function handles Non maskable interrupt.
  77:Src/stm32f2xx_it.c ****   */
  78:Src/stm32f2xx_it.c **** void NMI_Handler(void)
  79:Src/stm32f2xx_it.c **** {
  27              		.loc 1 79 1 view -0
  28              		.cfi_startproc
  29              		@ args = 0, pretend = 0, frame = 0
  30              		@ frame_needed = 0, uses_anonymous_args = 0
  31              		@ link register save eliminated.
  80:Src/stm32f2xx_it.c ****   /* USER CODE BEGIN NonMaskableInt_IRQn 0 */
  81:Src/stm32f2xx_it.c **** 
  82:Src/stm32f2xx_it.c ****   /* USER CODE END NonMaskableInt_IRQn 0 */
  83:Src/stm32f2xx_it.c ****   /* USER CODE BEGIN NonMaskableInt_IRQn 1 */
  84:Src/stm32f2xx_it.c **** 
ARM GAS  C:\Users\User\AppData\Local\Temp\ccaZQa4Q.s 			page 3


  85:Src/stm32f2xx_it.c ****   /* USER CODE END NonMaskableInt_IRQn 1 */
  86:Src/stm32f2xx_it.c **** }
  32              		.loc 1 86 1 view .LVU1
  33 0000 7047     		bx	lr
  34              		.cfi_endproc
  35              	.LFE77:
  37              		.section	.text.HardFault_Handler,"ax",%progbits
  38              		.align	1
  39              		.global	HardFault_Handler
  40              		.syntax unified
  41              		.thumb
  42              		.thumb_func
  43              		.fpu softvfp
  45              	HardFault_Handler:
  46              	.LFB78:
  87:Src/stm32f2xx_it.c **** 
  88:Src/stm32f2xx_it.c **** /**
  89:Src/stm32f2xx_it.c ****   * @brief This function handles Hard fault interrupt.
  90:Src/stm32f2xx_it.c ****   */
  91:Src/stm32f2xx_it.c **** void HardFault_Handler(void)
  92:Src/stm32f2xx_it.c **** {
  47              		.loc 1 92 1 view -0
  48              		.cfi_startproc
  49              		@ Volatile: function does not return.
  50              		@ args = 0, pretend = 0, frame = 0
  51              		@ frame_needed = 0, uses_anonymous_args = 0
  52              		@ link register save eliminated.
  53              	.L3:
  93:Src/stm32f2xx_it.c ****   /* USER CODE BEGIN HardFault_IRQn 0 */
  94:Src/stm32f2xx_it.c **** 
  95:Src/stm32f2xx_it.c ****   /* USER CODE END HardFault_IRQn 0 */
  96:Src/stm32f2xx_it.c ****   while (1)
  54              		.loc 1 96 3 discriminator 1 view .LVU3
  97:Src/stm32f2xx_it.c ****   {
  98:Src/stm32f2xx_it.c ****     /* USER CODE BEGIN W1_HardFault_IRQn 0 */
  99:Src/stm32f2xx_it.c ****     /* USER CODE END W1_HardFault_IRQn 0 */
 100:Src/stm32f2xx_it.c ****   }
  55              		.loc 1 100 3 discriminator 1 view .LVU4
  56 0000 FEE7     		b	.L3
  57              		.cfi_endproc
  58              	.LFE78:
  60              		.section	.text.MemManage_Handler,"ax",%progbits
  61              		.align	1
  62              		.global	MemManage_Handler
  63              		.syntax unified
  64              		.thumb
  65              		.thumb_func
  66              		.fpu softvfp
  68              	MemManage_Handler:
  69              	.LFB79:
 101:Src/stm32f2xx_it.c **** }
 102:Src/stm32f2xx_it.c **** 
 103:Src/stm32f2xx_it.c **** /**
 104:Src/stm32f2xx_it.c ****   * @brief This function handles Memory management fault.
 105:Src/stm32f2xx_it.c ****   */
 106:Src/stm32f2xx_it.c **** void MemManage_Handler(void)
 107:Src/stm32f2xx_it.c **** {
ARM GAS  C:\Users\User\AppData\Local\Temp\ccaZQa4Q.s 			page 4


  70              		.loc 1 107 1 view -0
  71              		.cfi_startproc
  72              		@ Volatile: function does not return.
  73              		@ args = 0, pretend = 0, frame = 0
  74              		@ frame_needed = 0, uses_anonymous_args = 0
  75              		@ link register save eliminated.
  76              	.L5:
 108:Src/stm32f2xx_it.c ****   /* USER CODE BEGIN MemoryManagement_IRQn 0 */
 109:Src/stm32f2xx_it.c **** 
 110:Src/stm32f2xx_it.c ****   /* USER CODE END MemoryManagement_IRQn 0 */
 111:Src/stm32f2xx_it.c ****   while (1)
  77              		.loc 1 111 3 discriminator 1 view .LVU6
 112:Src/stm32f2xx_it.c ****   {
 113:Src/stm32f2xx_it.c ****     /* USER CODE BEGIN W1_MemoryManagement_IRQn 0 */
 114:Src/stm32f2xx_it.c ****     /* USER CODE END W1_MemoryManagement_IRQn 0 */
 115:Src/stm32f2xx_it.c ****   }
  78              		.loc 1 115 3 discriminator 1 view .LVU7
  79 0000 FEE7     		b	.L5
  80              		.cfi_endproc
  81              	.LFE79:
  83              		.section	.text.BusFault_Handler,"ax",%progbits
  84              		.align	1
  85              		.global	BusFault_Handler
  86              		.syntax unified
  87              		.thumb
  88              		.thumb_func
  89              		.fpu softvfp
  91              	BusFault_Handler:
  92              	.LFB80:
 116:Src/stm32f2xx_it.c **** }
 117:Src/stm32f2xx_it.c **** 
 118:Src/stm32f2xx_it.c **** /**
 119:Src/stm32f2xx_it.c ****   * @brief This function handles Pre-fetch fault, memory access fault.
 120:Src/stm32f2xx_it.c ****   */
 121:Src/stm32f2xx_it.c **** void BusFault_Handler(void)
 122:Src/stm32f2xx_it.c **** {
  93              		.loc 1 122 1 view -0
  94              		.cfi_startproc
  95              		@ Volatile: function does not return.
  96              		@ args = 0, pretend = 0, frame = 0
  97              		@ frame_needed = 0, uses_anonymous_args = 0
  98              		@ link register save eliminated.
  99              	.L7:
 123:Src/stm32f2xx_it.c ****   /* USER CODE BEGIN BusFault_IRQn 0 */
 124:Src/stm32f2xx_it.c **** 
 125:Src/stm32f2xx_it.c ****   /* USER CODE END BusFault_IRQn 0 */
 126:Src/stm32f2xx_it.c ****   while (1)
 100              		.loc 1 126 3 discriminator 1 view .LVU9
 127:Src/stm32f2xx_it.c ****   {
 128:Src/stm32f2xx_it.c ****     /* USER CODE BEGIN W1_BusFault_IRQn 0 */
 129:Src/stm32f2xx_it.c ****     /* USER CODE END W1_BusFault_IRQn 0 */
 130:Src/stm32f2xx_it.c ****   }
 101              		.loc 1 130 3 discriminator 1 view .LVU10
 102 0000 FEE7     		b	.L7
 103              		.cfi_endproc
 104              	.LFE80:
 106              		.section	.text.UsageFault_Handler,"ax",%progbits
ARM GAS  C:\Users\User\AppData\Local\Temp\ccaZQa4Q.s 			page 5


 107              		.align	1
 108              		.global	UsageFault_Handler
 109              		.syntax unified
 110              		.thumb
 111              		.thumb_func
 112              		.fpu softvfp
 114              	UsageFault_Handler:
 115              	.LFB81:
 131:Src/stm32f2xx_it.c **** }
 132:Src/stm32f2xx_it.c **** 
 133:Src/stm32f2xx_it.c **** /**
 134:Src/stm32f2xx_it.c ****   * @brief This function handles Undefined instruction or illegal state.
 135:Src/stm32f2xx_it.c ****   */
 136:Src/stm32f2xx_it.c **** void UsageFault_Handler(void)
 137:Src/stm32f2xx_it.c **** {
 116              		.loc 1 137 1 view -0
 117              		.cfi_startproc
 118              		@ Volatile: function does not return.
 119              		@ args = 0, pretend = 0, frame = 0
 120              		@ frame_needed = 0, uses_anonymous_args = 0
 121              		@ link register save eliminated.
 122              	.L9:
 138:Src/stm32f2xx_it.c ****   /* USER CODE BEGIN UsageFault_IRQn 0 */
 139:Src/stm32f2xx_it.c **** 
 140:Src/stm32f2xx_it.c ****   /* USER CODE END UsageFault_IRQn 0 */
 141:Src/stm32f2xx_it.c ****   while (1)
 123              		.loc 1 141 3 discriminator 1 view .LVU12
 142:Src/stm32f2xx_it.c ****   {
 143:Src/stm32f2xx_it.c ****     /* USER CODE BEGIN W1_UsageFault_IRQn 0 */
 144:Src/stm32f2xx_it.c ****     /* USER CODE END W1_UsageFault_IRQn 0 */
 145:Src/stm32f2xx_it.c ****   }
 124              		.loc 1 145 3 discriminator 1 view .LVU13
 125 0000 FEE7     		b	.L9
 126              		.cfi_endproc
 127              	.LFE81:
 129              		.section	.text.DebugMon_Handler,"ax",%progbits
 130              		.align	1
 131              		.global	DebugMon_Handler
 132              		.syntax unified
 133              		.thumb
 134              		.thumb_func
 135              		.fpu softvfp
 137              	DebugMon_Handler:
 138              	.LFB82:
 146:Src/stm32f2xx_it.c **** }
 147:Src/stm32f2xx_it.c **** 
 148:Src/stm32f2xx_it.c **** /**
 149:Src/stm32f2xx_it.c ****   * @brief This function handles Debug monitor.
 150:Src/stm32f2xx_it.c ****   */
 151:Src/stm32f2xx_it.c **** void DebugMon_Handler(void)
 152:Src/stm32f2xx_it.c **** {
 139              		.loc 1 152 1 view -0
 140              		.cfi_startproc
 141              		@ args = 0, pretend = 0, frame = 0
 142              		@ frame_needed = 0, uses_anonymous_args = 0
 143              		@ link register save eliminated.
 153:Src/stm32f2xx_it.c ****   /* USER CODE BEGIN DebugMonitor_IRQn 0 */
ARM GAS  C:\Users\User\AppData\Local\Temp\ccaZQa4Q.s 			page 6


 154:Src/stm32f2xx_it.c **** 
 155:Src/stm32f2xx_it.c ****   /* USER CODE END DebugMonitor_IRQn 0 */
 156:Src/stm32f2xx_it.c ****   /* USER CODE BEGIN DebugMonitor_IRQn 1 */
 157:Src/stm32f2xx_it.c **** 
 158:Src/stm32f2xx_it.c ****   /* USER CODE END DebugMonitor_IRQn 1 */
 159:Src/stm32f2xx_it.c **** }
 144              		.loc 1 159 1 view .LVU15
 145 0000 7047     		bx	lr
 146              		.cfi_endproc
 147              	.LFE82:
 149              		.section	.text.DMA1_Stream0_IRQHandler,"ax",%progbits
 150              		.align	1
 151              		.global	DMA1_Stream0_IRQHandler
 152              		.syntax unified
 153              		.thumb
 154              		.thumb_func
 155              		.fpu softvfp
 157              	DMA1_Stream0_IRQHandler:
 158              	.LFB83:
 160:Src/stm32f2xx_it.c **** 
 161:Src/stm32f2xx_it.c **** /******************************************************************************/
 162:Src/stm32f2xx_it.c **** /* STM32F2xx Peripheral Interrupt Handlers                                    */
 163:Src/stm32f2xx_it.c **** /* Add here the Interrupt Handlers for the used peripherals.                  */
 164:Src/stm32f2xx_it.c **** /* For the available peripheral interrupt handler names,                      */
 165:Src/stm32f2xx_it.c **** /* please refer to the startup file (startup_stm32f2xx.s).                    */
 166:Src/stm32f2xx_it.c **** /******************************************************************************/
 167:Src/stm32f2xx_it.c **** 
 168:Src/stm32f2xx_it.c **** /**
 169:Src/stm32f2xx_it.c ****   * @brief This function handles DMA1 stream0 global interrupt.
 170:Src/stm32f2xx_it.c ****   */
 171:Src/stm32f2xx_it.c **** void DMA1_Stream0_IRQHandler(void)
 172:Src/stm32f2xx_it.c **** {
 159              		.loc 1 172 1 view -0
 160              		.cfi_startproc
 161              		@ args = 0, pretend = 0, frame = 0
 162              		@ frame_needed = 0, uses_anonymous_args = 0
 163 0000 08B5     		push	{r3, lr}
 164              	.LCFI0:
 165              		.cfi_def_cfa_offset 8
 166              		.cfi_offset 3, -8
 167              		.cfi_offset 14, -4
 173:Src/stm32f2xx_it.c ****   /* USER CODE BEGIN DMA1_Stream0_IRQn 0 */
 174:Src/stm32f2xx_it.c **** 
 175:Src/stm32f2xx_it.c ****   /* USER CODE END DMA1_Stream0_IRQn 0 */
 176:Src/stm32f2xx_it.c ****   HAL_DMA_IRQHandler(&hdma_spi3_rx);
 168              		.loc 1 176 3 view .LVU17
 169 0002 0248     		ldr	r0, .L13
 170 0004 FFF7FEFF 		bl	HAL_DMA_IRQHandler
 171              	.LVL0:
 177:Src/stm32f2xx_it.c ****   /* USER CODE BEGIN DMA1_Stream0_IRQn 1 */
 178:Src/stm32f2xx_it.c **** 
 179:Src/stm32f2xx_it.c ****   /* USER CODE END DMA1_Stream0_IRQn 1 */
 180:Src/stm32f2xx_it.c **** }
 172              		.loc 1 180 1 is_stmt 0 view .LVU18
 173 0008 08BD     		pop	{r3, pc}
 174              	.L14:
 175 000a 00BF     		.align	2
ARM GAS  C:\Users\User\AppData\Local\Temp\ccaZQa4Q.s 			page 7


 176              	.L13:
 177 000c 00000000 		.word	hdma_spi3_rx
 178              		.cfi_endproc
 179              	.LFE83:
 181              		.section	.text.DMA1_Stream5_IRQHandler,"ax",%progbits
 182              		.align	1
 183              		.global	DMA1_Stream5_IRQHandler
 184              		.syntax unified
 185              		.thumb
 186              		.thumb_func
 187              		.fpu softvfp
 189              	DMA1_Stream5_IRQHandler:
 190              	.LFB84:
 181:Src/stm32f2xx_it.c **** 
 182:Src/stm32f2xx_it.c **** /**
 183:Src/stm32f2xx_it.c ****   * @brief This function handles DMA1 stream5 global interrupt.
 184:Src/stm32f2xx_it.c ****   */
 185:Src/stm32f2xx_it.c **** void DMA1_Stream5_IRQHandler(void)
 186:Src/stm32f2xx_it.c **** {
 191              		.loc 1 186 1 is_stmt 1 view -0
 192              		.cfi_startproc
 193              		@ args = 0, pretend = 0, frame = 0
 194              		@ frame_needed = 0, uses_anonymous_args = 0
 195 0000 08B5     		push	{r3, lr}
 196              	.LCFI1:
 197              		.cfi_def_cfa_offset 8
 198              		.cfi_offset 3, -8
 199              		.cfi_offset 14, -4
 187:Src/stm32f2xx_it.c ****   /* USER CODE BEGIN DMA1_Stream5_IRQn 0 */
 188:Src/stm32f2xx_it.c **** 
 189:Src/stm32f2xx_it.c ****   /* USER CODE END DMA1_Stream5_IRQn 0 */
 190:Src/stm32f2xx_it.c ****   HAL_DMA_IRQHandler(&hdma_spi3_tx);
 200              		.loc 1 190 3 view .LVU20
 201 0002 0248     		ldr	r0, .L17
 202 0004 FFF7FEFF 		bl	HAL_DMA_IRQHandler
 203              	.LVL1:
 191:Src/stm32f2xx_it.c ****   /* USER CODE BEGIN DMA1_Stream5_IRQn 1 */
 192:Src/stm32f2xx_it.c **** 
 193:Src/stm32f2xx_it.c ****   /* USER CODE END DMA1_Stream5_IRQn 1 */
 194:Src/stm32f2xx_it.c **** }
 204              		.loc 1 194 1 is_stmt 0 view .LVU21
 205 0008 08BD     		pop	{r3, pc}
 206              	.L18:
 207 000a 00BF     		.align	2
 208              	.L17:
 209 000c 00000000 		.word	hdma_spi3_tx
 210              		.cfi_endproc
 211              	.LFE84:
 213              		.section	.text.TIM6_DAC_IRQHandler,"ax",%progbits
 214              		.align	1
 215              		.global	TIM6_DAC_IRQHandler
 216              		.syntax unified
 217              		.thumb
 218              		.thumb_func
 219              		.fpu softvfp
 221              	TIM6_DAC_IRQHandler:
 222              	.LFB85:
ARM GAS  C:\Users\User\AppData\Local\Temp\ccaZQa4Q.s 			page 8


 195:Src/stm32f2xx_it.c **** 
 196:Src/stm32f2xx_it.c **** /**
 197:Src/stm32f2xx_it.c ****   * @brief This function handles TIM6 global interrupt, DAC1 and DAC2 underrun error interrupts.
 198:Src/stm32f2xx_it.c ****   */
 199:Src/stm32f2xx_it.c **** void TIM6_DAC_IRQHandler(void)
 200:Src/stm32f2xx_it.c **** {
 223              		.loc 1 200 1 is_stmt 1 view -0
 224              		.cfi_startproc
 225              		@ args = 0, pretend = 0, frame = 0
 226              		@ frame_needed = 0, uses_anonymous_args = 0
 227 0000 08B5     		push	{r3, lr}
 228              	.LCFI2:
 229              		.cfi_def_cfa_offset 8
 230              		.cfi_offset 3, -8
 231              		.cfi_offset 14, -4
 201:Src/stm32f2xx_it.c ****   /* USER CODE BEGIN TIM6_DAC_IRQn 0 */
 202:Src/stm32f2xx_it.c **** 
 203:Src/stm32f2xx_it.c ****   /* USER CODE END TIM6_DAC_IRQn 0 */
 204:Src/stm32f2xx_it.c ****   HAL_TIM_IRQHandler(&htim6);
 232              		.loc 1 204 3 view .LVU23
 233 0002 0248     		ldr	r0, .L21
 234 0004 FFF7FEFF 		bl	HAL_TIM_IRQHandler
 235              	.LVL2:
 205:Src/stm32f2xx_it.c ****   /* USER CODE BEGIN TIM6_DAC_IRQn 1 */
 206:Src/stm32f2xx_it.c **** 
 207:Src/stm32f2xx_it.c ****   /* USER CODE END TIM6_DAC_IRQn 1 */
 208:Src/stm32f2xx_it.c **** }
 236              		.loc 1 208 1 is_stmt 0 view .LVU24
 237 0008 08BD     		pop	{r3, pc}
 238              	.L22:
 239 000a 00BF     		.align	2
 240              	.L21:
 241 000c 00000000 		.word	htim6
 242              		.cfi_endproc
 243              	.LFE85:
 245              		.section	.text.DMA2_Stream0_IRQHandler,"ax",%progbits
 246              		.align	1
 247              		.global	DMA2_Stream0_IRQHandler
 248              		.syntax unified
 249              		.thumb
 250              		.thumb_func
 251              		.fpu softvfp
 253              	DMA2_Stream0_IRQHandler:
 254              	.LFB86:
 209:Src/stm32f2xx_it.c **** 
 210:Src/stm32f2xx_it.c **** /**
 211:Src/stm32f2xx_it.c ****   * @brief This function handles DMA2 Stream0 global interrupt.
 212:Src/stm32f2xx_it.c ****   */
 213:Src/stm32f2xx_it.c **** void DMA2_Stream0_IRQHandler(void)
 214:Src/stm32f2xx_it.c **** {
 255              		.loc 1 214 1 is_stmt 1 view -0
 256              		.cfi_startproc
 257              		@ args = 0, pretend = 0, frame = 0
 258              		@ frame_needed = 0, uses_anonymous_args = 0
 259 0000 08B5     		push	{r3, lr}
 260              	.LCFI3:
 261              		.cfi_def_cfa_offset 8
ARM GAS  C:\Users\User\AppData\Local\Temp\ccaZQa4Q.s 			page 9


 262              		.cfi_offset 3, -8
 263              		.cfi_offset 14, -4
 215:Src/stm32f2xx_it.c ****   /* USER CODE BEGIN DMA2_Stream0_IRQn 0 */
 216:Src/stm32f2xx_it.c **** 
 217:Src/stm32f2xx_it.c ****   /* USER CODE END DMA2_Stream0_IRQn 0 */
 218:Src/stm32f2xx_it.c ****   HAL_DMA_IRQHandler(&hdma_spi1_rx);
 264              		.loc 1 218 3 view .LVU26
 265 0002 0248     		ldr	r0, .L25
 266 0004 FFF7FEFF 		bl	HAL_DMA_IRQHandler
 267              	.LVL3:
 219:Src/stm32f2xx_it.c ****   /* USER CODE BEGIN DMA2_Stream0_IRQn 1 */
 220:Src/stm32f2xx_it.c **** 
 221:Src/stm32f2xx_it.c ****   /* USER CODE END DMA2_Stream0_IRQn 1 */
 222:Src/stm32f2xx_it.c **** }
 268              		.loc 1 222 1 is_stmt 0 view .LVU27
 269 0008 08BD     		pop	{r3, pc}
 270              	.L26:
 271 000a 00BF     		.align	2
 272              	.L25:
 273 000c 00000000 		.word	hdma_spi1_rx
 274              		.cfi_endproc
 275              	.LFE86:
 277              		.section	.text.DMA2_Stream3_IRQHandler,"ax",%progbits
 278              		.align	1
 279              		.global	DMA2_Stream3_IRQHandler
 280              		.syntax unified
 281              		.thumb
 282              		.thumb_func
 283              		.fpu softvfp
 285              	DMA2_Stream3_IRQHandler:
 286              	.LFB87:
 223:Src/stm32f2xx_it.c **** 
 224:Src/stm32f2xx_it.c **** /**
 225:Src/stm32f2xx_it.c ****   * @brief This function handles DMA2 Stream3 global interrupt.
 226:Src/stm32f2xx_it.c ****   */
 227:Src/stm32f2xx_it.c **** void DMA2_Stream3_IRQHandler(void)
 228:Src/stm32f2xx_it.c **** {
 287              		.loc 1 228 1 is_stmt 1 view -0
 288              		.cfi_startproc
 289              		@ args = 0, pretend = 0, frame = 0
 290              		@ frame_needed = 0, uses_anonymous_args = 0
 291 0000 08B5     		push	{r3, lr}
 292              	.LCFI4:
 293              		.cfi_def_cfa_offset 8
 294              		.cfi_offset 3, -8
 295              		.cfi_offset 14, -4
 229:Src/stm32f2xx_it.c ****   /* USER CODE BEGIN DMA2_Stream3_IRQn 0 */
 230:Src/stm32f2xx_it.c **** 
 231:Src/stm32f2xx_it.c ****   /* USER CODE END DMA2_Stream3_IRQn 0 */
 232:Src/stm32f2xx_it.c ****   HAL_DMA_IRQHandler(&hdma_spi1_tx);
 296              		.loc 1 232 3 view .LVU29
 297 0002 0248     		ldr	r0, .L29
 298 0004 FFF7FEFF 		bl	HAL_DMA_IRQHandler
 299              	.LVL4:
 233:Src/stm32f2xx_it.c ****   /* USER CODE BEGIN DMA2_Stream3_IRQn 1 */
 234:Src/stm32f2xx_it.c **** 
 235:Src/stm32f2xx_it.c ****   /* USER CODE END DMA2_Stream3_IRQn 1 */
ARM GAS  C:\Users\User\AppData\Local\Temp\ccaZQa4Q.s 			page 10


 236:Src/stm32f2xx_it.c **** }
 300              		.loc 1 236 1 is_stmt 0 view .LVU30
 301 0008 08BD     		pop	{r3, pc}
 302              	.L30:
 303 000a 00BF     		.align	2
 304              	.L29:
 305 000c 00000000 		.word	hdma_spi1_tx
 306              		.cfi_endproc
 307              	.LFE87:
 309              		.section	.text.OTG_HS_EP1_OUT_IRQHandler,"ax",%progbits
 310              		.align	1
 311              		.global	OTG_HS_EP1_OUT_IRQHandler
 312              		.syntax unified
 313              		.thumb
 314              		.thumb_func
 315              		.fpu softvfp
 317              	OTG_HS_EP1_OUT_IRQHandler:
 318              	.LFB88:
 237:Src/stm32f2xx_it.c **** 
 238:Src/stm32f2xx_it.c **** /**
 239:Src/stm32f2xx_it.c ****   * @brief This function handles USB On The Go HS End Point 1 Out global interrupt.
 240:Src/stm32f2xx_it.c ****   */
 241:Src/stm32f2xx_it.c **** void OTG_HS_EP1_OUT_IRQHandler(void)
 242:Src/stm32f2xx_it.c **** {
 319              		.loc 1 242 1 is_stmt 1 view -0
 320              		.cfi_startproc
 321              		@ args = 0, pretend = 0, frame = 0
 322              		@ frame_needed = 0, uses_anonymous_args = 0
 323 0000 08B5     		push	{r3, lr}
 324              	.LCFI5:
 325              		.cfi_def_cfa_offset 8
 326              		.cfi_offset 3, -8
 327              		.cfi_offset 14, -4
 243:Src/stm32f2xx_it.c ****   /* USER CODE BEGIN OTG_HS_EP1_OUT_IRQn 0 */
 244:Src/stm32f2xx_it.c **** 
 245:Src/stm32f2xx_it.c ****   /* USER CODE END OTG_HS_EP1_OUT_IRQn 0 */
 246:Src/stm32f2xx_it.c ****   HAL_PCD_IRQHandler(&hpcd_USB_OTG_HS);
 328              		.loc 1 246 3 view .LVU32
 329 0002 0248     		ldr	r0, .L33
 330 0004 FFF7FEFF 		bl	HAL_PCD_IRQHandler
 331              	.LVL5:
 247:Src/stm32f2xx_it.c ****   /* USER CODE BEGIN OTG_HS_EP1_OUT_IRQn 1 */
 248:Src/stm32f2xx_it.c **** 
 249:Src/stm32f2xx_it.c ****   /* USER CODE END OTG_HS_EP1_OUT_IRQn 1 */
 250:Src/stm32f2xx_it.c **** }
 332              		.loc 1 250 1 is_stmt 0 view .LVU33
 333 0008 08BD     		pop	{r3, pc}
 334              	.L34:
 335 000a 00BF     		.align	2
 336              	.L33:
 337 000c 00000000 		.word	hpcd_USB_OTG_HS
 338              		.cfi_endproc
 339              	.LFE88:
 341              		.section	.text.OTG_HS_EP1_IN_IRQHandler,"ax",%progbits
 342              		.align	1
 343              		.global	OTG_HS_EP1_IN_IRQHandler
 344              		.syntax unified
ARM GAS  C:\Users\User\AppData\Local\Temp\ccaZQa4Q.s 			page 11


 345              		.thumb
 346              		.thumb_func
 347              		.fpu softvfp
 349              	OTG_HS_EP1_IN_IRQHandler:
 350              	.LFB89:
 251:Src/stm32f2xx_it.c **** 
 252:Src/stm32f2xx_it.c **** /**
 253:Src/stm32f2xx_it.c ****   * @brief This function handles USB On The Go HS End Point 1 In global interrupt.
 254:Src/stm32f2xx_it.c ****   */
 255:Src/stm32f2xx_it.c **** void OTG_HS_EP1_IN_IRQHandler(void)
 256:Src/stm32f2xx_it.c **** {
 351              		.loc 1 256 1 is_stmt 1 view -0
 352              		.cfi_startproc
 353              		@ args = 0, pretend = 0, frame = 0
 354              		@ frame_needed = 0, uses_anonymous_args = 0
 355 0000 08B5     		push	{r3, lr}
 356              	.LCFI6:
 357              		.cfi_def_cfa_offset 8
 358              		.cfi_offset 3, -8
 359              		.cfi_offset 14, -4
 257:Src/stm32f2xx_it.c ****   /* USER CODE BEGIN OTG_HS_EP1_IN_IRQn 0 */
 258:Src/stm32f2xx_it.c **** 
 259:Src/stm32f2xx_it.c ****   /* USER CODE END OTG_HS_EP1_IN_IRQn 0 */
 260:Src/stm32f2xx_it.c ****   HAL_PCD_IRQHandler(&hpcd_USB_OTG_HS);
 360              		.loc 1 260 3 view .LVU35
 361 0002 0248     		ldr	r0, .L37
 362 0004 FFF7FEFF 		bl	HAL_PCD_IRQHandler
 363              	.LVL6:
 261:Src/stm32f2xx_it.c ****   /* USER CODE BEGIN OTG_HS_EP1_IN_IRQn 1 */
 262:Src/stm32f2xx_it.c **** 
 263:Src/stm32f2xx_it.c ****   /* USER CODE END OTG_HS_EP1_IN_IRQn 1 */
 264:Src/stm32f2xx_it.c **** }
 364              		.loc 1 264 1 is_stmt 0 view .LVU36
 365 0008 08BD     		pop	{r3, pc}
 366              	.L38:
 367 000a 00BF     		.align	2
 368              	.L37:
 369 000c 00000000 		.word	hpcd_USB_OTG_HS
 370              		.cfi_endproc
 371              	.LFE89:
 373              		.section	.text.OTG_HS_IRQHandler,"ax",%progbits
 374              		.align	1
 375              		.global	OTG_HS_IRQHandler
 376              		.syntax unified
 377              		.thumb
 378              		.thumb_func
 379              		.fpu softvfp
 381              	OTG_HS_IRQHandler:
 382              	.LFB90:
 265:Src/stm32f2xx_it.c **** 
 266:Src/stm32f2xx_it.c **** /**
 267:Src/stm32f2xx_it.c ****   * @brief This function handles USB On The Go HS global interrupt.
 268:Src/stm32f2xx_it.c ****   */
 269:Src/stm32f2xx_it.c **** void OTG_HS_IRQHandler(void)
 270:Src/stm32f2xx_it.c **** {
 383              		.loc 1 270 1 is_stmt 1 view -0
 384              		.cfi_startproc
ARM GAS  C:\Users\User\AppData\Local\Temp\ccaZQa4Q.s 			page 12


 385              		@ args = 0, pretend = 0, frame = 0
 386              		@ frame_needed = 0, uses_anonymous_args = 0
 387 0000 08B5     		push	{r3, lr}
 388              	.LCFI7:
 389              		.cfi_def_cfa_offset 8
 390              		.cfi_offset 3, -8
 391              		.cfi_offset 14, -4
 271:Src/stm32f2xx_it.c ****   /* USER CODE BEGIN OTG_HS_IRQn 0 */
 272:Src/stm32f2xx_it.c **** 
 273:Src/stm32f2xx_it.c ****   /* USER CODE END OTG_HS_IRQn 0 */
 274:Src/stm32f2xx_it.c ****   HAL_PCD_IRQHandler(&hpcd_USB_OTG_HS);
 392              		.loc 1 274 3 view .LVU38
 393 0002 0248     		ldr	r0, .L41
 394 0004 FFF7FEFF 		bl	HAL_PCD_IRQHandler
 395              	.LVL7:
 275:Src/stm32f2xx_it.c ****   /* USER CODE BEGIN OTG_HS_IRQn 1 */
 276:Src/stm32f2xx_it.c **** 
 277:Src/stm32f2xx_it.c ****   /* USER CODE END OTG_HS_IRQn 1 */
 278:Src/stm32f2xx_it.c **** }
 396              		.loc 1 278 1 is_stmt 0 view .LVU39
 397 0008 08BD     		pop	{r3, pc}
 398              	.L42:
 399 000a 00BF     		.align	2
 400              	.L41:
 401 000c 00000000 		.word	hpcd_USB_OTG_HS
 402              		.cfi_endproc
 403              	.LFE90:
 405              		.text
 406              	.Letext0:
 407              		.file 2 "c:\\users\\user\\appdata\\roaming\\gnumcueclipse\\armembeddedgcc\\arm-none-eabi\\include\
 408              		.file 3 "c:\\users\\user\\appdata\\roaming\\gnumcueclipse\\armembeddedgcc\\arm-none-eabi\\include\
 409              		.file 4 "Drivers/CMSIS/Include/core_cm3.h"
 410              		.file 5 "Drivers/CMSIS/Device/ST/STM32F2xx/Include/system_stm32f2xx.h"
 411              		.file 6 "Drivers/CMSIS/Device/ST/STM32F2xx/Include/stm32f215xx.h"
 412              		.file 7 "Drivers/STM32F2xx_HAL_Driver/Inc/stm32f2xx_hal_def.h"
 413              		.file 8 "Drivers/STM32F2xx_HAL_Driver/Inc/stm32f2xx_hal_dma.h"
 414              		.file 9 "Drivers/STM32F2xx_HAL_Driver/Inc/stm32f2xx_hal_tim.h"
 415              		.file 10 "Drivers/STM32F2xx_HAL_Driver/Inc/stm32f2xx_ll_usb.h"
 416              		.file 11 "Drivers/STM32F2xx_HAL_Driver/Inc/stm32f2xx_hal_pcd.h"
 417              		.file 12 "Drivers/STM32F2xx_HAL_Driver/Inc/stm32f2xx_hal.h"
ARM GAS  C:\Users\User\AppData\Local\Temp\ccaZQa4Q.s 			page 13


DEFINED SYMBOLS
                            *ABS*:0000000000000000 stm32f2xx_it.c
C:\Users\User\AppData\Local\Temp\ccaZQa4Q.s:16     .text.NMI_Handler:0000000000000000 $t
C:\Users\User\AppData\Local\Temp\ccaZQa4Q.s:24     .text.NMI_Handler:0000000000000000 NMI_Handler
C:\Users\User\AppData\Local\Temp\ccaZQa4Q.s:38     .text.HardFault_Handler:0000000000000000 $t
C:\Users\User\AppData\Local\Temp\ccaZQa4Q.s:45     .text.HardFault_Handler:0000000000000000 HardFault_Handler
C:\Users\User\AppData\Local\Temp\ccaZQa4Q.s:61     .text.MemManage_Handler:0000000000000000 $t
C:\Users\User\AppData\Local\Temp\ccaZQa4Q.s:68     .text.MemManage_Handler:0000000000000000 MemManage_Handler
C:\Users\User\AppData\Local\Temp\ccaZQa4Q.s:84     .text.BusFault_Handler:0000000000000000 $t
C:\Users\User\AppData\Local\Temp\ccaZQa4Q.s:91     .text.BusFault_Handler:0000000000000000 BusFault_Handler
C:\Users\User\AppData\Local\Temp\ccaZQa4Q.s:107    .text.UsageFault_Handler:0000000000000000 $t
C:\Users\User\AppData\Local\Temp\ccaZQa4Q.s:114    .text.UsageFault_Handler:0000000000000000 UsageFault_Handler
C:\Users\User\AppData\Local\Temp\ccaZQa4Q.s:130    .text.DebugMon_Handler:0000000000000000 $t
C:\Users\User\AppData\Local\Temp\ccaZQa4Q.s:137    .text.DebugMon_Handler:0000000000000000 DebugMon_Handler
C:\Users\User\AppData\Local\Temp\ccaZQa4Q.s:150    .text.DMA1_Stream0_IRQHandler:0000000000000000 $t
C:\Users\User\AppData\Local\Temp\ccaZQa4Q.s:157    .text.DMA1_Stream0_IRQHandler:0000000000000000 DMA1_Stream0_IRQHandler
C:\Users\User\AppData\Local\Temp\ccaZQa4Q.s:177    .text.DMA1_Stream0_IRQHandler:000000000000000c $d
C:\Users\User\AppData\Local\Temp\ccaZQa4Q.s:182    .text.DMA1_Stream5_IRQHandler:0000000000000000 $t
C:\Users\User\AppData\Local\Temp\ccaZQa4Q.s:189    .text.DMA1_Stream5_IRQHandler:0000000000000000 DMA1_Stream5_IRQHandler
C:\Users\User\AppData\Local\Temp\ccaZQa4Q.s:209    .text.DMA1_Stream5_IRQHandler:000000000000000c $d
C:\Users\User\AppData\Local\Temp\ccaZQa4Q.s:214    .text.TIM6_DAC_IRQHandler:0000000000000000 $t
C:\Users\User\AppData\Local\Temp\ccaZQa4Q.s:221    .text.TIM6_DAC_IRQHandler:0000000000000000 TIM6_DAC_IRQHandler
C:\Users\User\AppData\Local\Temp\ccaZQa4Q.s:241    .text.TIM6_DAC_IRQHandler:000000000000000c $d
C:\Users\User\AppData\Local\Temp\ccaZQa4Q.s:246    .text.DMA2_Stream0_IRQHandler:0000000000000000 $t
C:\Users\User\AppData\Local\Temp\ccaZQa4Q.s:253    .text.DMA2_Stream0_IRQHandler:0000000000000000 DMA2_Stream0_IRQHandler
C:\Users\User\AppData\Local\Temp\ccaZQa4Q.s:273    .text.DMA2_Stream0_IRQHandler:000000000000000c $d
C:\Users\User\AppData\Local\Temp\ccaZQa4Q.s:278    .text.DMA2_Stream3_IRQHandler:0000000000000000 $t
C:\Users\User\AppData\Local\Temp\ccaZQa4Q.s:285    .text.DMA2_Stream3_IRQHandler:0000000000000000 DMA2_Stream3_IRQHandler
C:\Users\User\AppData\Local\Temp\ccaZQa4Q.s:305    .text.DMA2_Stream3_IRQHandler:000000000000000c $d
C:\Users\User\AppData\Local\Temp\ccaZQa4Q.s:310    .text.OTG_HS_EP1_OUT_IRQHandler:0000000000000000 $t
C:\Users\User\AppData\Local\Temp\ccaZQa4Q.s:317    .text.OTG_HS_EP1_OUT_IRQHandler:0000000000000000 OTG_HS_EP1_OUT_IRQHandler
C:\Users\User\AppData\Local\Temp\ccaZQa4Q.s:337    .text.OTG_HS_EP1_OUT_IRQHandler:000000000000000c $d
C:\Users\User\AppData\Local\Temp\ccaZQa4Q.s:342    .text.OTG_HS_EP1_IN_IRQHandler:0000000000000000 $t
C:\Users\User\AppData\Local\Temp\ccaZQa4Q.s:349    .text.OTG_HS_EP1_IN_IRQHandler:0000000000000000 OTG_HS_EP1_IN_IRQHandler
C:\Users\User\AppData\Local\Temp\ccaZQa4Q.s:369    .text.OTG_HS_EP1_IN_IRQHandler:000000000000000c $d
C:\Users\User\AppData\Local\Temp\ccaZQa4Q.s:374    .text.OTG_HS_IRQHandler:0000000000000000 $t
C:\Users\User\AppData\Local\Temp\ccaZQa4Q.s:381    .text.OTG_HS_IRQHandler:0000000000000000 OTG_HS_IRQHandler
C:\Users\User\AppData\Local\Temp\ccaZQa4Q.s:401    .text.OTG_HS_IRQHandler:000000000000000c $d

UNDEFINED SYMBOLS
HAL_DMA_IRQHandler
hdma_spi3_rx
hdma_spi3_tx
HAL_TIM_IRQHandler
htim6
hdma_spi1_rx
hdma_spi1_tx
HAL_PCD_IRQHandler
hpcd_USB_OTG_HS
