ARM GAS  C:\Users\User\AppData\Local\Temp\cckDXDio.s 			page 1


   1              		.cpu cortex-m3
   2              		.eabi_attribute 20, 1
   3              		.eabi_attribute 21, 1
   4              		.eabi_attribute 23, 3
   5              		.eabi_attribute 24, 1
   6              		.eabi_attribute 25, 1
   7              		.eabi_attribute 26, 1
   8              		.eabi_attribute 30, 1
   9              		.eabi_attribute 34, 1
  10              		.eabi_attribute 18, 4
  11              		.file	"usart.c"
  12              		.text
  13              	.Ltext0:
  14              		.cfi_sections	.debug_frame
  15              		.section	.text.MX_UART4_Init,"ax",%progbits
  16              		.align	1
  17              		.global	MX_UART4_Init
  18              		.arch armv7-m
  19              		.syntax unified
  20              		.thumb
  21              		.thumb_func
  22              		.fpu softvfp
  24              	MX_UART4_Init:
  25              	.LFB72:
  26              		.file 1 "Src/usart.c"
   1:Src/usart.c   **** /**
   2:Src/usart.c   ****   ******************************************************************************
   3:Src/usart.c   ****   * File Name          : USART.c
   4:Src/usart.c   ****   * Description        : This file provides code for the configuration
   5:Src/usart.c   ****   *                      of the USART instances.
   6:Src/usart.c   ****   ******************************************************************************
   7:Src/usart.c   ****   * @attention
   8:Src/usart.c   ****   *
   9:Src/usart.c   ****   * <h2><center>&copy; Copyright (c) 2019 STMicroelectronics.
  10:Src/usart.c   ****   * All rights reserved.</center></h2>
  11:Src/usart.c   ****   *
  12:Src/usart.c   ****   * This software component is licensed by ST under Ultimate Liberty license
  13:Src/usart.c   ****   * SLA0044, the "License"; You may not use this file except in compliance with
  14:Src/usart.c   ****   * the License. You may obtain a copy of the License at:
  15:Src/usart.c   ****   *                             www.st.com/SLA0044
  16:Src/usart.c   ****   *
  17:Src/usart.c   ****   ******************************************************************************
  18:Src/usart.c   ****   */
  19:Src/usart.c   **** 
  20:Src/usart.c   **** /* Includes ------------------------------------------------------------------*/
  21:Src/usart.c   **** #include "usart.h"
  22:Src/usart.c   **** 
  23:Src/usart.c   **** /* USER CODE BEGIN 0 */
  24:Src/usart.c   **** 
  25:Src/usart.c   **** /* USER CODE END 0 */
  26:Src/usart.c   **** 
  27:Src/usart.c   **** UART_HandleTypeDef huart4;
  28:Src/usart.c   **** 
  29:Src/usart.c   **** /* UART4 init function */
  30:Src/usart.c   **** void MX_UART4_Init(void)
  31:Src/usart.c   **** {
  27              		.loc 1 31 1 view -0
ARM GAS  C:\Users\User\AppData\Local\Temp\cckDXDio.s 			page 2


  28              		.cfi_startproc
  29              		@ args = 0, pretend = 0, frame = 0
  30              		@ frame_needed = 0, uses_anonymous_args = 0
  31 0000 08B5     		push	{r3, lr}
  32              	.LCFI0:
  33              		.cfi_def_cfa_offset 8
  34              		.cfi_offset 3, -8
  35              		.cfi_offset 14, -4
  32:Src/usart.c   **** 
  33:Src/usart.c   ****   huart4.Instance = UART4;
  36              		.loc 1 33 3 view .LVU1
  37              		.loc 1 33 19 is_stmt 0 view .LVU2
  38 0002 0A48     		ldr	r0, .L5
  39 0004 0A4B     		ldr	r3, .L5+4
  40 0006 0360     		str	r3, [r0]
  34:Src/usart.c   ****   huart4.Init.BaudRate = 115200;
  41              		.loc 1 34 3 is_stmt 1 view .LVU3
  42              		.loc 1 34 24 is_stmt 0 view .LVU4
  43 0008 4FF4E133 		mov	r3, #115200
  44 000c 4360     		str	r3, [r0, #4]
  35:Src/usart.c   ****   huart4.Init.WordLength = UART_WORDLENGTH_8B;
  45              		.loc 1 35 3 is_stmt 1 view .LVU5
  46              		.loc 1 35 26 is_stmt 0 view .LVU6
  47 000e 0023     		movs	r3, #0
  48 0010 8360     		str	r3, [r0, #8]
  36:Src/usart.c   ****   huart4.Init.StopBits = UART_STOPBITS_1;
  49              		.loc 1 36 3 is_stmt 1 view .LVU7
  50              		.loc 1 36 24 is_stmt 0 view .LVU8
  51 0012 C360     		str	r3, [r0, #12]
  37:Src/usart.c   ****   huart4.Init.Parity = UART_PARITY_NONE;
  52              		.loc 1 37 3 is_stmt 1 view .LVU9
  53              		.loc 1 37 22 is_stmt 0 view .LVU10
  54 0014 0361     		str	r3, [r0, #16]
  38:Src/usart.c   ****   huart4.Init.Mode = UART_MODE_TX_RX;
  55              		.loc 1 38 3 is_stmt 1 view .LVU11
  56              		.loc 1 38 20 is_stmt 0 view .LVU12
  57 0016 0C22     		movs	r2, #12
  58 0018 4261     		str	r2, [r0, #20]
  39:Src/usart.c   ****   huart4.Init.HwFlowCtl = UART_HWCONTROL_NONE;
  59              		.loc 1 39 3 is_stmt 1 view .LVU13
  60              		.loc 1 39 25 is_stmt 0 view .LVU14
  61 001a 8361     		str	r3, [r0, #24]
  40:Src/usart.c   ****   huart4.Init.OverSampling = UART_OVERSAMPLING_16;
  62              		.loc 1 40 3 is_stmt 1 view .LVU15
  63              		.loc 1 40 28 is_stmt 0 view .LVU16
  64 001c C361     		str	r3, [r0, #28]
  41:Src/usart.c   ****   if (HAL_UART_Init(&huart4) != HAL_OK)
  65              		.loc 1 41 3 is_stmt 1 view .LVU17
  66              		.loc 1 41 7 is_stmt 0 view .LVU18
  67 001e FFF7FEFF 		bl	HAL_UART_Init
  68              	.LVL0:
  69              		.loc 1 41 6 view .LVU19
  70 0022 00B9     		cbnz	r0, .L4
  71              	.L1:
  42:Src/usart.c   ****   {
  43:Src/usart.c   ****     Error_Handler();
  44:Src/usart.c   ****   }
ARM GAS  C:\Users\User\AppData\Local\Temp\cckDXDio.s 			page 3


  45:Src/usart.c   **** 
  46:Src/usart.c   **** }
  72              		.loc 1 46 1 view .LVU20
  73 0024 08BD     		pop	{r3, pc}
  74              	.L4:
  43:Src/usart.c   ****   }
  75              		.loc 1 43 5 is_stmt 1 view .LVU21
  76 0026 FFF7FEFF 		bl	Error_Handler
  77              	.LVL1:
  78              		.loc 1 46 1 is_stmt 0 view .LVU22
  79 002a FBE7     		b	.L1
  80              	.L6:
  81              		.align	2
  82              	.L5:
  83 002c 00000000 		.word	huart4
  84 0030 004C0040 		.word	1073761280
  85              		.cfi_endproc
  86              	.LFE72:
  88              		.section	.text.HAL_UART_MspInit,"ax",%progbits
  89              		.align	1
  90              		.global	HAL_UART_MspInit
  91              		.syntax unified
  92              		.thumb
  93              		.thumb_func
  94              		.fpu softvfp
  96              	HAL_UART_MspInit:
  97              	.LVL2:
  98              	.LFB73:
  47:Src/usart.c   **** 
  48:Src/usart.c   **** void HAL_UART_MspInit(UART_HandleTypeDef* uartHandle)
  49:Src/usart.c   **** {
  99              		.loc 1 49 1 is_stmt 1 view -0
 100              		.cfi_startproc
 101              		@ args = 0, pretend = 0, frame = 32
 102              		@ frame_needed = 0, uses_anonymous_args = 0
 103              		.loc 1 49 1 is_stmt 0 view .LVU24
 104 0000 00B5     		push	{lr}
 105              	.LCFI1:
 106              		.cfi_def_cfa_offset 4
 107              		.cfi_offset 14, -4
 108 0002 89B0     		sub	sp, sp, #36
 109              	.LCFI2:
 110              		.cfi_def_cfa_offset 40
  50:Src/usart.c   **** 
  51:Src/usart.c   ****   GPIO_InitTypeDef GPIO_InitStruct = {0};
 111              		.loc 1 51 3 is_stmt 1 view .LVU25
 112              		.loc 1 51 20 is_stmt 0 view .LVU26
 113 0004 0023     		movs	r3, #0
 114 0006 0393     		str	r3, [sp, #12]
 115 0008 0493     		str	r3, [sp, #16]
 116 000a 0593     		str	r3, [sp, #20]
 117 000c 0693     		str	r3, [sp, #24]
 118 000e 0793     		str	r3, [sp, #28]
  52:Src/usart.c   ****   if(uartHandle->Instance==UART4)
 119              		.loc 1 52 3 is_stmt 1 view .LVU27
 120              		.loc 1 52 16 is_stmt 0 view .LVU28
 121 0010 0268     		ldr	r2, [r0]
ARM GAS  C:\Users\User\AppData\Local\Temp\cckDXDio.s 			page 4


 122              		.loc 1 52 5 view .LVU29
 123 0012 154B     		ldr	r3, .L11
 124 0014 9A42     		cmp	r2, r3
 125 0016 02D0     		beq	.L10
 126              	.LVL3:
 127              	.L7:
  53:Src/usart.c   ****   {
  54:Src/usart.c   ****   /* USER CODE BEGIN UART4_MspInit 0 */
  55:Src/usart.c   **** 
  56:Src/usart.c   ****   /* USER CODE END UART4_MspInit 0 */
  57:Src/usart.c   ****     /* UART4 clock enable */
  58:Src/usart.c   ****     __HAL_RCC_UART4_CLK_ENABLE();
  59:Src/usart.c   ****   
  60:Src/usart.c   ****     __HAL_RCC_GPIOA_CLK_ENABLE();
  61:Src/usart.c   ****     /**UART4 GPIO Configuration    
  62:Src/usart.c   ****     PA0-WKUP     ------> UART4_TX
  63:Src/usart.c   ****     PA1     ------> UART4_RX 
  64:Src/usart.c   ****     */
  65:Src/usart.c   ****     GPIO_InitStruct.Pin = GPIO_PIN_0|GPIO_PIN_1;
  66:Src/usart.c   ****     GPIO_InitStruct.Mode = GPIO_MODE_AF_PP;
  67:Src/usart.c   ****     GPIO_InitStruct.Pull = GPIO_PULLUP;
  68:Src/usart.c   ****     GPIO_InitStruct.Speed = GPIO_SPEED_FREQ_VERY_HIGH;
  69:Src/usart.c   ****     GPIO_InitStruct.Alternate = GPIO_AF8_UART4;
  70:Src/usart.c   ****     HAL_GPIO_Init(GPIOA, &GPIO_InitStruct);
  71:Src/usart.c   **** 
  72:Src/usart.c   ****   /* USER CODE BEGIN UART4_MspInit 1 */
  73:Src/usart.c   **** 
  74:Src/usart.c   ****   /* USER CODE END UART4_MspInit 1 */
  75:Src/usart.c   ****   }
  76:Src/usart.c   **** }
 128              		.loc 1 76 1 view .LVU30
 129 0018 09B0     		add	sp, sp, #36
 130              	.LCFI3:
 131              		.cfi_remember_state
 132              		.cfi_def_cfa_offset 4
 133              		@ sp needed
 134 001a 5DF804FB 		ldr	pc, [sp], #4
 135              	.LVL4:
 136              	.L10:
 137              	.LCFI4:
 138              		.cfi_restore_state
  58:Src/usart.c   ****   
 139              		.loc 1 58 5 is_stmt 1 view .LVU31
 140              	.LBB2:
  58:Src/usart.c   ****   
 141              		.loc 1 58 5 view .LVU32
 142 001e 0021     		movs	r1, #0
 143 0020 0191     		str	r1, [sp, #4]
  58:Src/usart.c   ****   
 144              		.loc 1 58 5 view .LVU33
 145 0022 03F5F633 		add	r3, r3, #125952
 146 0026 1A6C     		ldr	r2, [r3, #64]
 147 0028 42F40022 		orr	r2, r2, #524288
 148 002c 1A64     		str	r2, [r3, #64]
  58:Src/usart.c   ****   
 149              		.loc 1 58 5 view .LVU34
 150 002e 1A6C     		ldr	r2, [r3, #64]
ARM GAS  C:\Users\User\AppData\Local\Temp\cckDXDio.s 			page 5


 151 0030 02F40022 		and	r2, r2, #524288
 152 0034 0192     		str	r2, [sp, #4]
  58:Src/usart.c   ****   
 153              		.loc 1 58 5 view .LVU35
 154 0036 019A     		ldr	r2, [sp, #4]
 155              	.LBE2:
  60:Src/usart.c   ****     /**UART4 GPIO Configuration    
 156              		.loc 1 60 5 view .LVU36
 157              	.LBB3:
  60:Src/usart.c   ****     /**UART4 GPIO Configuration    
 158              		.loc 1 60 5 view .LVU37
 159 0038 0291     		str	r1, [sp, #8]
  60:Src/usart.c   ****     /**UART4 GPIO Configuration    
 160              		.loc 1 60 5 view .LVU38
 161 003a 1A6B     		ldr	r2, [r3, #48]
 162 003c 42F00102 		orr	r2, r2, #1
 163 0040 1A63     		str	r2, [r3, #48]
  60:Src/usart.c   ****     /**UART4 GPIO Configuration    
 164              		.loc 1 60 5 view .LVU39
 165 0042 1B6B     		ldr	r3, [r3, #48]
 166 0044 03F00103 		and	r3, r3, #1
 167 0048 0293     		str	r3, [sp, #8]
  60:Src/usart.c   ****     /**UART4 GPIO Configuration    
 168              		.loc 1 60 5 view .LVU40
 169 004a 029B     		ldr	r3, [sp, #8]
 170              	.LBE3:
  65:Src/usart.c   ****     GPIO_InitStruct.Mode = GPIO_MODE_AF_PP;
 171              		.loc 1 65 5 view .LVU41
  65:Src/usart.c   ****     GPIO_InitStruct.Mode = GPIO_MODE_AF_PP;
 172              		.loc 1 65 25 is_stmt 0 view .LVU42
 173 004c 0323     		movs	r3, #3
 174 004e 0393     		str	r3, [sp, #12]
  66:Src/usart.c   ****     GPIO_InitStruct.Pull = GPIO_PULLUP;
 175              		.loc 1 66 5 is_stmt 1 view .LVU43
  66:Src/usart.c   ****     GPIO_InitStruct.Pull = GPIO_PULLUP;
 176              		.loc 1 66 26 is_stmt 0 view .LVU44
 177 0050 0222     		movs	r2, #2
 178 0052 0492     		str	r2, [sp, #16]
  67:Src/usart.c   ****     GPIO_InitStruct.Speed = GPIO_SPEED_FREQ_VERY_HIGH;
 179              		.loc 1 67 5 is_stmt 1 view .LVU45
  67:Src/usart.c   ****     GPIO_InitStruct.Speed = GPIO_SPEED_FREQ_VERY_HIGH;
 180              		.loc 1 67 26 is_stmt 0 view .LVU46
 181 0054 0122     		movs	r2, #1
 182 0056 0592     		str	r2, [sp, #20]
  68:Src/usart.c   ****     GPIO_InitStruct.Alternate = GPIO_AF8_UART4;
 183              		.loc 1 68 5 is_stmt 1 view .LVU47
  68:Src/usart.c   ****     GPIO_InitStruct.Alternate = GPIO_AF8_UART4;
 184              		.loc 1 68 27 is_stmt 0 view .LVU48
 185 0058 0693     		str	r3, [sp, #24]
  69:Src/usart.c   ****     HAL_GPIO_Init(GPIOA, &GPIO_InitStruct);
 186              		.loc 1 69 5 is_stmt 1 view .LVU49
  69:Src/usart.c   ****     HAL_GPIO_Init(GPIOA, &GPIO_InitStruct);
 187              		.loc 1 69 31 is_stmt 0 view .LVU50
 188 005a 0823     		movs	r3, #8
 189 005c 0793     		str	r3, [sp, #28]
  70:Src/usart.c   **** 
 190              		.loc 1 70 5 is_stmt 1 view .LVU51
ARM GAS  C:\Users\User\AppData\Local\Temp\cckDXDio.s 			page 6


 191 005e 03A9     		add	r1, sp, #12
 192 0060 0248     		ldr	r0, .L11+4
 193              	.LVL5:
  70:Src/usart.c   **** 
 194              		.loc 1 70 5 is_stmt 0 view .LVU52
 195 0062 FFF7FEFF 		bl	HAL_GPIO_Init
 196              	.LVL6:
 197              		.loc 1 76 1 view .LVU53
 198 0066 D7E7     		b	.L7
 199              	.L12:
 200              		.align	2
 201              	.L11:
 202 0068 004C0040 		.word	1073761280
 203 006c 00000240 		.word	1073872896
 204              		.cfi_endproc
 205              	.LFE73:
 207              		.section	.text.HAL_UART_MspDeInit,"ax",%progbits
 208              		.align	1
 209              		.global	HAL_UART_MspDeInit
 210              		.syntax unified
 211              		.thumb
 212              		.thumb_func
 213              		.fpu softvfp
 215              	HAL_UART_MspDeInit:
 216              	.LVL7:
 217              	.LFB74:
  77:Src/usart.c   **** 
  78:Src/usart.c   **** void HAL_UART_MspDeInit(UART_HandleTypeDef* uartHandle)
  79:Src/usart.c   **** {
 218              		.loc 1 79 1 is_stmt 1 view -0
 219              		.cfi_startproc
 220              		@ args = 0, pretend = 0, frame = 0
 221              		@ frame_needed = 0, uses_anonymous_args = 0
 222              		.loc 1 79 1 is_stmt 0 view .LVU55
 223 0000 08B5     		push	{r3, lr}
 224              	.LCFI5:
 225              		.cfi_def_cfa_offset 8
 226              		.cfi_offset 3, -8
 227              		.cfi_offset 14, -4
  80:Src/usart.c   **** 
  81:Src/usart.c   ****   if(uartHandle->Instance==UART4)
 228              		.loc 1 81 3 is_stmt 1 view .LVU56
 229              		.loc 1 81 16 is_stmt 0 view .LVU57
 230 0002 0268     		ldr	r2, [r0]
 231              		.loc 1 81 5 view .LVU58
 232 0004 064B     		ldr	r3, .L17
 233 0006 9A42     		cmp	r2, r3
 234 0008 00D0     		beq	.L16
 235              	.LVL8:
 236              	.L13:
  82:Src/usart.c   ****   {
  83:Src/usart.c   ****   /* USER CODE BEGIN UART4_MspDeInit 0 */
  84:Src/usart.c   **** 
  85:Src/usart.c   ****   /* USER CODE END UART4_MspDeInit 0 */
  86:Src/usart.c   ****     /* Peripheral clock disable */
  87:Src/usart.c   ****     __HAL_RCC_UART4_CLK_DISABLE();
  88:Src/usart.c   ****   
ARM GAS  C:\Users\User\AppData\Local\Temp\cckDXDio.s 			page 7


  89:Src/usart.c   ****     /**UART4 GPIO Configuration    
  90:Src/usart.c   ****     PA0-WKUP     ------> UART4_TX
  91:Src/usart.c   ****     PA1     ------> UART4_RX 
  92:Src/usart.c   ****     */
  93:Src/usart.c   ****     HAL_GPIO_DeInit(GPIOA, GPIO_PIN_0|GPIO_PIN_1);
  94:Src/usart.c   **** 
  95:Src/usart.c   ****   /* USER CODE BEGIN UART4_MspDeInit 1 */
  96:Src/usart.c   **** 
  97:Src/usart.c   ****   /* USER CODE END UART4_MspDeInit 1 */
  98:Src/usart.c   ****   }
  99:Src/usart.c   **** } 
 237              		.loc 1 99 1 view .LVU59
 238 000a 08BD     		pop	{r3, pc}
 239              	.LVL9:
 240              	.L16:
  87:Src/usart.c   ****   
 241              		.loc 1 87 5 is_stmt 1 view .LVU60
 242 000c 054A     		ldr	r2, .L17+4
 243 000e 136C     		ldr	r3, [r2, #64]
 244 0010 23F40023 		bic	r3, r3, #524288
 245 0014 1364     		str	r3, [r2, #64]
  93:Src/usart.c   **** 
 246              		.loc 1 93 5 view .LVU61
 247 0016 0321     		movs	r1, #3
 248 0018 0348     		ldr	r0, .L17+8
 249              	.LVL10:
  93:Src/usart.c   **** 
 250              		.loc 1 93 5 is_stmt 0 view .LVU62
 251 001a FFF7FEFF 		bl	HAL_GPIO_DeInit
 252              	.LVL11:
 253              		.loc 1 99 1 view .LVU63
 254 001e F4E7     		b	.L13
 255              	.L18:
 256              		.align	2
 257              	.L17:
 258 0020 004C0040 		.word	1073761280
 259 0024 00380240 		.word	1073887232
 260 0028 00000240 		.word	1073872896
 261              		.cfi_endproc
 262              	.LFE74:
 264              		.comm	huart4,64,4
 265              		.text
 266              	.Letext0:
 267              		.file 2 "c:\\users\\user\\appdata\\roaming\\gnumcueclipse\\armembeddedgcc\\arm-none-eabi\\include\
 268              		.file 3 "c:\\users\\user\\appdata\\roaming\\gnumcueclipse\\armembeddedgcc\\arm-none-eabi\\include\
 269              		.file 4 "Drivers/CMSIS/Include/core_cm3.h"
 270              		.file 5 "Drivers/CMSIS/Device/ST/STM32F2xx/Include/system_stm32f2xx.h"
 271              		.file 6 "Drivers/CMSIS/Device/ST/STM32F2xx/Include/stm32f215xx.h"
 272              		.file 7 "Drivers/STM32F2xx_HAL_Driver/Inc/stm32f2xx_hal_def.h"
 273              		.file 8 "Drivers/STM32F2xx_HAL_Driver/Inc/stm32f2xx_hal_gpio.h"
 274              		.file 9 "Drivers/STM32F2xx_HAL_Driver/Inc/stm32f2xx_hal_dma.h"
 275              		.file 10 "Drivers/STM32F2xx_HAL_Driver/Inc/stm32f2xx_hal_uart.h"
 276              		.file 11 "Drivers/STM32F2xx_HAL_Driver/Inc/stm32f2xx_hal.h"
 277              		.file 12 "Inc/usart.h"
 278              		.file 13 "Inc/main.h"
ARM GAS  C:\Users\User\AppData\Local\Temp\cckDXDio.s 			page 8


DEFINED SYMBOLS
                            *ABS*:0000000000000000 usart.c
C:\Users\User\AppData\Local\Temp\cckDXDio.s:16     .text.MX_UART4_Init:0000000000000000 $t
C:\Users\User\AppData\Local\Temp\cckDXDio.s:24     .text.MX_UART4_Init:0000000000000000 MX_UART4_Init
C:\Users\User\AppData\Local\Temp\cckDXDio.s:83     .text.MX_UART4_Init:000000000000002c $d
                            *COM*:0000000000000040 huart4
C:\Users\User\AppData\Local\Temp\cckDXDio.s:89     .text.HAL_UART_MspInit:0000000000000000 $t
C:\Users\User\AppData\Local\Temp\cckDXDio.s:96     .text.HAL_UART_MspInit:0000000000000000 HAL_UART_MspInit
C:\Users\User\AppData\Local\Temp\cckDXDio.s:202    .text.HAL_UART_MspInit:0000000000000068 $d
C:\Users\User\AppData\Local\Temp\cckDXDio.s:208    .text.HAL_UART_MspDeInit:0000000000000000 $t
C:\Users\User\AppData\Local\Temp\cckDXDio.s:215    .text.HAL_UART_MspDeInit:0000000000000000 HAL_UART_MspDeInit
C:\Users\User\AppData\Local\Temp\cckDXDio.s:258    .text.HAL_UART_MspDeInit:0000000000000020 $d

UNDEFINED SYMBOLS
HAL_UART_Init
Error_Handler
HAL_GPIO_Init
HAL_GPIO_DeInit
